<?xml version="1.0" encoding="UTF-8"?>
<robot generator="Robot 7.0 (Python 3.12.6 on win32)" generated="2025-03-20T23:28:52.123875" rpa="false" schemaversion="5">
<suite id="s1" name="AP4TS Projekt" source="C:\Users\skill\OneDrive\Plocha\SCHOOL\MartinBobál_www-zsmalse-cz_08-05-24\Všechny .robot skripty\AP4TS_Projekt">
<suite id="s1-s1" name="TS001 Menu" source="C:\Users\skill\OneDrive\Plocha\SCHOOL\MartinBobál_www-zsmalse-cz_08-05-24\Všechny .robot skripty\AP4TS_Projekt\TS001_Menu.robot">
<test id="s1-s1-t1" name="Pre-conditions - Otevři prohlížeč a zajdi na URL" line="11">
<kw name="Open Browser" owner="SeleniumLibrary">
<msg time="2025-03-20T23:28:52.350367" level="INFO">Opening browser 'Chrome' to base url 'https://www.zsmalse.cz/'.</msg>
<arg>${URL_MainPage_MainURL}</arg>
<arg>${Browser_Chrome}</arg>
<doc>Opens a new browser instance to the optional ``url``.</doc>
<status status="PASS" start="2025-03-20T23:28:52.350367" elapsed="2.801833"/>
</kw>
<kw name="Maximize Browser Window" owner="SeleniumLibrary">
<doc>Maximizes current browser window.</doc>
<status status="PASS" start="2025-03-20T23:28:55.152200" elapsed="0.027006"/>
</kw>
<kw name="Location Should Be" owner="SeleniumLibrary">
<msg time="2025-03-20T23:28:55.185207" level="INFO">Current location is 'https://www.zsmalse.cz/'.</msg>
<arg>${URL_MainPage_MainURL}</arg>
<doc>Verifies that the current URL is exactly ``url``.</doc>
<status status="PASS" start="2025-03-20T23:28:55.179206" elapsed="0.006001"/>
</kw>
<kw name="Wait Until Element Is Visible" owner="SeleniumLibrary">
<arg>${Button_Cookies_OdmitnoutVse_XPathCZ}</arg>
<doc>Waits until the element ``locator`` is visible.</doc>
<status status="PASS" start="2025-03-20T23:28:55.185207" elapsed="0.084019"/>
</kw>
<kw name="Click Element" owner="SeleniumLibrary">
<msg time="2025-03-20T23:28:55.270226" level="INFO">Clicking element '//button[@id='_cookies-deny-all']'.</msg>
<arg>${Button_Cookies_OdmitnoutVse_XPathCZ}</arg>
<doc>Click the element identified by ``locator``.</doc>
<status status="PASS" start="2025-03-20T23:28:55.269226" elapsed="0.061014"/>
</kw>
<kw name="Wait Until Element Is Not Visible" owner="SeleniumLibrary">
<arg>${Button_Cookies_Panel}</arg>
<doc>Waits until the element ``locator`` is not visible.</doc>
<status status="PASS" start="2025-03-20T23:28:55.330240" elapsed="0.989026"/>
</kw>
<status status="PASS" start="2025-03-20T23:28:52.349366" elapsed="3.969900"/>
</test>
<test id="s1-s1-t2" name="TC_100 Kontrola částí menu" line="21">
<for flavor="IN RANGE">
<iter>
<kw name="Set Variable" owner="BuiltIn">
<msg time="2025-03-20T23:28:56.321267" level="INFO">${URL_x} = https://www.zsmalse.cz/skolni-rok-202122</msg>
<var>${URL_x}</var>
<arg>${URLsForTC100}[${index}]</arg>
<doc>Returns the given values which can then be assigned to a variables.</doc>
<status status="PASS" start="2025-03-20T23:28:56.321267" elapsed="0.000000"/>
</kw>
<kw name="Set Variable" owner="BuiltIn">
<msg time="2025-03-20T23:28:56.321267" level="INFO">${Button_x} = //body/div[@id='sticky-bar']/nav[1]/ul[1]/li[1]/a[1]</msg>
<var>${Button_x}</var>
<arg>${ButtonsForTC100}[${index}]</arg>
<doc>Returns the given values which can then be assigned to a variables.</doc>
<status status="PASS" start="2025-03-20T23:28:56.321267" elapsed="0.000000"/>
</kw>
<kw name="Wait Until Element Is Visible" owner="SeleniumLibrary">
<arg>${Button_x}</arg>
<doc>Waits until the element ``locator`` is visible.</doc>
<status status="PASS" start="2025-03-20T23:28:56.321267" elapsed="0.013002"/>
</kw>
<kw name="Click Element" owner="SeleniumLibrary">
<msg time="2025-03-20T23:28:56.335270" level="INFO">Clicking element '//body/div[@id='sticky-bar']/nav[1]/ul[1]/li[1]/a[1]'.</msg>
<arg>${Button_x}</arg>
<doc>Click the element identified by ``locator``.</doc>
<status status="PASS" start="2025-03-20T23:28:56.335270" elapsed="0.423655"/>
</kw>
<kw name="Location Should Be" owner="SeleniumLibrary">
<msg time="2025-03-20T23:28:56.761926" level="INFO">Current location is 'https://www.zsmalse.cz/skolni-rok-202122'.</msg>
<arg>${URL_x}</arg>
<doc>Verifies that the current URL is exactly ``url``.</doc>
<status status="PASS" start="2025-03-20T23:28:56.758925" elapsed="0.003001"/>
</kw>
<kw name="Go To" owner="SeleniumLibrary">
<msg time="2025-03-20T23:28:56.761926" level="INFO">Opening url 'https://www.zsmalse.cz/'</msg>
<arg>${URL_MainPage_MainURL}</arg>
<doc>Navigates the current browser window to the provided ``url``.</doc>
<status status="PASS" start="2025-03-20T23:28:56.761926" elapsed="0.552443"/>
</kw>
<kw name="Location Should Be" owner="SeleniumLibrary">
<msg time="2025-03-20T23:28:57.318371" level="INFO">Current location is 'https://www.zsmalse.cz/'.</msg>
<arg>${URL_MainPage_MainURL}</arg>
<doc>Verifies that the current URL is exactly ``url``.</doc>
<status status="PASS" start="2025-03-20T23:28:57.314369" elapsed="0.004002"/>
</kw>
<kw name="Log" owner="BuiltIn">
<msg time="2025-03-20T23:28:57.318371" level="INFO">Úspěšně ověřena navigace na https://www.zsmalse.cz/skolni-rok-202122 a zpět na hlavní stránku.</msg>
<arg>Úspěšně ověřena navigace na ${URL_x} a zpět na hlavní stránku.</arg>
<doc>Logs the given message with the given level.</doc>
<status status="PASS" start="2025-03-20T23:28:57.318371" elapsed="0.000000"/>
</kw>
<var name="${index}">0</var>
<status status="PASS" start="2025-03-20T23:28:56.320267" elapsed="0.998104"/>
</iter>
<iter>
<kw name="Set Variable" owner="BuiltIn">
<msg time="2025-03-20T23:28:57.319371" level="INFO">${URL_x} = https://www.zsmalse.cz/o-skole</msg>
<var>${URL_x}</var>
<arg>${URLsForTC100}[${index}]</arg>
<doc>Returns the given values which can then be assigned to a variables.</doc>
<status status="PASS" start="2025-03-20T23:28:57.319371" elapsed="0.000000"/>
</kw>
<kw name="Set Variable" owner="BuiltIn">
<msg time="2025-03-20T23:28:57.319371" level="INFO">${Button_x} = //body/div[@id='sticky-bar']/nav[1]/ul[1]/li[2]/a[1]</msg>
<var>${Button_x}</var>
<arg>${ButtonsForTC100}[${index}]</arg>
<doc>Returns the given values which can then be assigned to a variables.</doc>
<status status="PASS" start="2025-03-20T23:28:57.319371" elapsed="0.000000"/>
</kw>
<kw name="Wait Until Element Is Visible" owner="SeleniumLibrary">
<arg>${Button_x}</arg>
<doc>Waits until the element ``locator`` is visible.</doc>
<status status="PASS" start="2025-03-20T23:28:57.319371" elapsed="0.013003"/>
</kw>
<kw name="Click Element" owner="SeleniumLibrary">
<msg time="2025-03-20T23:28:57.333373" level="INFO">Clicking element '//body/div[@id='sticky-bar']/nav[1]/ul[1]/li[2]/a[1]'.</msg>
<arg>${Button_x}</arg>
<doc>Click the element identified by ``locator``.</doc>
<status status="PASS" start="2025-03-20T23:28:57.333373" elapsed="0.330010"/>
</kw>
<kw name="Location Should Be" owner="SeleniumLibrary">
<msg time="2025-03-20T23:28:57.666383" level="INFO">Current location is 'https://www.zsmalse.cz/o-skole'.</msg>
<arg>${URL_x}</arg>
<doc>Verifies that the current URL is exactly ``url``.</doc>
<status status="PASS" start="2025-03-20T23:28:57.663383" elapsed="0.003000"/>
</kw>
<kw name="Go To" owner="SeleniumLibrary">
<msg time="2025-03-20T23:28:57.666383" level="INFO">Opening url 'https://www.zsmalse.cz/'</msg>
<arg>${URL_MainPage_MainURL}</arg>
<doc>Navigates the current browser window to the provided ``url``.</doc>
<status status="PASS" start="2025-03-20T23:28:57.666383" elapsed="0.572011"/>
</kw>
<kw name="Location Should Be" owner="SeleniumLibrary">
<msg time="2025-03-20T23:28:58.243396" level="INFO">Current location is 'https://www.zsmalse.cz/'.</msg>
<arg>${URL_MainPage_MainURL}</arg>
<doc>Verifies that the current URL is exactly ``url``.</doc>
<status status="PASS" start="2025-03-20T23:28:58.238394" elapsed="0.005002"/>
</kw>
<kw name="Log" owner="BuiltIn">
<msg time="2025-03-20T23:28:58.244396" level="INFO">Úspěšně ověřena navigace na https://www.zsmalse.cz/o-skole a zpět na hlavní stránku.</msg>
<arg>Úspěšně ověřena navigace na ${URL_x} a zpět na hlavní stránku.</arg>
<doc>Logs the given message with the given level.</doc>
<status status="PASS" start="2025-03-20T23:28:58.243396" elapsed="0.001000"/>
</kw>
<var name="${index}">1</var>
<status status="PASS" start="2025-03-20T23:28:57.319371" elapsed="0.925025"/>
</iter>
<iter>
<kw name="Set Variable" owner="BuiltIn">
<msg time="2025-03-20T23:28:58.244396" level="INFO">${URL_x} = https://www.zsmalse.cz/dokumenty</msg>
<var>${URL_x}</var>
<arg>${URLsForTC100}[${index}]</arg>
<doc>Returns the given values which can then be assigned to a variables.</doc>
<status status="PASS" start="2025-03-20T23:28:58.244396" elapsed="0.000000"/>
</kw>
<kw name="Set Variable" owner="BuiltIn">
<msg time="2025-03-20T23:28:58.245396" level="INFO">${Button_x} = //body/div[@id='sticky-bar']/nav[1]/ul[1]/li[3]/a[1]</msg>
<var>${Button_x}</var>
<arg>${ButtonsForTC100}[${index}]</arg>
<doc>Returns the given values which can then be assigned to a variables.</doc>
<status status="PASS" start="2025-03-20T23:28:58.244396" elapsed="0.001000"/>
</kw>
<kw name="Wait Until Element Is Visible" owner="SeleniumLibrary">
<arg>${Button_x}</arg>
<doc>Waits until the element ``locator`` is visible.</doc>
<status status="PASS" start="2025-03-20T23:28:58.245396" elapsed="0.012004"/>
</kw>
<kw name="Click Element" owner="SeleniumLibrary">
<msg time="2025-03-20T23:28:58.258399" level="INFO">Clicking element '//body/div[@id='sticky-bar']/nav[1]/ul[1]/li[3]/a[1]'.</msg>
<arg>${Button_x}</arg>
<doc>Click the element identified by ``locator``.</doc>
<status status="PASS" start="2025-03-20T23:28:58.258399" elapsed="0.406387"/>
</kw>
<kw name="Location Should Be" owner="SeleniumLibrary">
<msg time="2025-03-20T23:28:58.667784" level="INFO">Current location is 'https://www.zsmalse.cz/dokumenty'.</msg>
<arg>${URL_x}</arg>
<doc>Verifies that the current URL is exactly ``url``.</doc>
<status status="PASS" start="2025-03-20T23:28:58.664786" elapsed="0.002998"/>
</kw>
<kw name="Go To" owner="SeleniumLibrary">
<msg time="2025-03-20T23:28:58.667784" level="INFO">Opening url 'https://www.zsmalse.cz/'</msg>
<arg>${URL_MainPage_MainURL}</arg>
<doc>Navigates the current browser window to the provided ``url``.</doc>
<status status="PASS" start="2025-03-20T23:28:58.667784" elapsed="0.556202"/>
</kw>
<kw name="Location Should Be" owner="SeleniumLibrary">
<msg time="2025-03-20T23:28:59.231989" level="INFO">Current location is 'https://www.zsmalse.cz/'.</msg>
<arg>${URL_MainPage_MainURL}</arg>
<doc>Verifies that the current URL is exactly ``url``.</doc>
<status status="PASS" start="2025-03-20T23:28:59.223986" elapsed="0.008003"/>
</kw>
<kw name="Log" owner="BuiltIn">
<msg time="2025-03-20T23:28:59.231989" level="INFO">Úspěšně ověřena navigace na https://www.zsmalse.cz/dokumenty a zpět na hlavní stránku.</msg>
<arg>Úspěšně ověřena navigace na ${URL_x} a zpět na hlavní stránku.</arg>
<doc>Logs the given message with the given level.</doc>
<status status="PASS" start="2025-03-20T23:28:59.231989" elapsed="0.000000"/>
</kw>
<var name="${index}">2</var>
<status status="PASS" start="2025-03-20T23:28:58.244396" elapsed="0.987593"/>
</iter>
<iter>
<kw name="Set Variable" owner="BuiltIn">
<msg time="2025-03-20T23:28:59.232988" level="INFO">${URL_x} = https://www.zsmalse.cz/tridy</msg>
<var>${URL_x}</var>
<arg>${URLsForTC100}[${index}]</arg>
<doc>Returns the given values which can then be assigned to a variables.</doc>
<status status="PASS" start="2025-03-20T23:28:59.231989" elapsed="0.000999"/>
</kw>
<kw name="Set Variable" owner="BuiltIn">
<msg time="2025-03-20T23:28:59.232988" level="INFO">${Button_x} = //body/div[@id='sticky-bar']/nav[1]/ul[1]/li[4]/a[1]</msg>
<var>${Button_x}</var>
<arg>${ButtonsForTC100}[${index}]</arg>
<doc>Returns the given values which can then be assigned to a variables.</doc>
<status status="PASS" start="2025-03-20T23:28:59.232988" elapsed="0.000000"/>
</kw>
<kw name="Wait Until Element Is Visible" owner="SeleniumLibrary">
<arg>${Button_x}</arg>
<doc>Waits until the element ``locator`` is visible.</doc>
<status status="PASS" start="2025-03-20T23:28:59.232988" elapsed="0.013688"/>
</kw>
<kw name="Click Element" owner="SeleniumLibrary">
<msg time="2025-03-20T23:28:59.247677" level="INFO">Clicking element '//body/div[@id='sticky-bar']/nav[1]/ul[1]/li[4]/a[1]'.</msg>
<arg>${Button_x}</arg>
<doc>Click the element identified by ``locator``.</doc>
<status status="PASS" start="2025-03-20T23:28:59.246676" elapsed="0.336863"/>
</kw>
<kw name="Location Should Be" owner="SeleniumLibrary">
<msg time="2025-03-20T23:28:59.586541" level="INFO">Current location is 'https://www.zsmalse.cz/tridy'.</msg>
<arg>${URL_x}</arg>
<doc>Verifies that the current URL is exactly ``url``.</doc>
<status status="PASS" start="2025-03-20T23:28:59.583539" elapsed="0.003002"/>
</kw>
<kw name="Go To" owner="SeleniumLibrary">
<msg time="2025-03-20T23:28:59.587541" level="INFO">Opening url 'https://www.zsmalse.cz/'</msg>
<arg>${URL_MainPage_MainURL}</arg>
<doc>Navigates the current browser window to the provided ``url``.</doc>
<status status="PASS" start="2025-03-20T23:28:59.586541" elapsed="0.942525"/>
</kw>
<kw name="Location Should Be" owner="SeleniumLibrary">
<msg time="2025-03-20T23:29:00.539069" level="INFO">Current location is 'https://www.zsmalse.cz/'.</msg>
<arg>${URL_MainPage_MainURL}</arg>
<doc>Verifies that the current URL is exactly ``url``.</doc>
<status status="PASS" start="2025-03-20T23:29:00.529066" elapsed="0.010003"/>
</kw>
<kw name="Log" owner="BuiltIn">
<msg time="2025-03-20T23:29:00.539069" level="INFO">Úspěšně ověřena navigace na https://www.zsmalse.cz/tridy a zpět na hlavní stránku.</msg>
<arg>Úspěšně ověřena navigace na ${URL_x} a zpět na hlavní stránku.</arg>
<doc>Logs the given message with the given level.</doc>
<status status="PASS" start="2025-03-20T23:29:00.539069" elapsed="0.000000"/>
</kw>
<var name="${index}">3</var>
<status status="PASS" start="2025-03-20T23:28:59.231989" elapsed="1.307080"/>
</iter>
<iter>
<kw name="Set Variable" owner="BuiltIn">
<msg time="2025-03-20T23:29:00.540069" level="INFO">${URL_x} = https://www.zsmalse.cz/skolni-druzina</msg>
<var>${URL_x}</var>
<arg>${URLsForTC100}[${index}]</arg>
<doc>Returns the given values which can then be assigned to a variables.</doc>
<status status="PASS" start="2025-03-20T23:29:00.540069" elapsed="0.000000"/>
</kw>
<kw name="Set Variable" owner="BuiltIn">
<msg time="2025-03-20T23:29:00.540069" level="INFO">${Button_x} = //body/div[@id='sticky-bar']/nav[1]/ul[1]/li[5]/a[1]</msg>
<var>${Button_x}</var>
<arg>${ButtonsForTC100}[${index}]</arg>
<doc>Returns the given values which can then be assigned to a variables.</doc>
<status status="PASS" start="2025-03-20T23:29:00.540069" elapsed="0.000000"/>
</kw>
<kw name="Wait Until Element Is Visible" owner="SeleniumLibrary">
<arg>${Button_x}</arg>
<doc>Waits until the element ``locator`` is visible.</doc>
<status status="PASS" start="2025-03-20T23:29:00.540069" elapsed="0.013003"/>
</kw>
<kw name="Click Element" owner="SeleniumLibrary">
<msg time="2025-03-20T23:29:00.554073" level="INFO">Clicking element '//body/div[@id='sticky-bar']/nav[1]/ul[1]/li[5]/a[1]'.</msg>
<arg>${Button_x}</arg>
<doc>Click the element identified by ``locator``.</doc>
<status status="PASS" start="2025-03-20T23:29:00.554073" elapsed="0.462146"/>
</kw>
<kw name="Location Should Be" owner="SeleniumLibrary">
<msg time="2025-03-20T23:29:01.025221" level="INFO">Current location is 'https://www.zsmalse.cz/skolni-druzina'.</msg>
<arg>${URL_x}</arg>
<doc>Verifies that the current URL is exactly ``url``.</doc>
<status status="PASS" start="2025-03-20T23:29:01.016219" elapsed="0.009002"/>
</kw>
<kw name="Go To" owner="SeleniumLibrary">
<msg time="2025-03-20T23:29:01.025221" level="INFO">Opening url 'https://www.zsmalse.cz/'</msg>
<arg>${URL_MainPage_MainURL}</arg>
<doc>Navigates the current browser window to the provided ``url``.</doc>
<status status="PASS" start="2025-03-20T23:29:01.025221" elapsed="0.545719"/>
</kw>
<kw name="Location Should Be" owner="SeleniumLibrary">
<msg time="2025-03-20T23:29:01.588943" level="INFO">Current location is 'https://www.zsmalse.cz/'.</msg>
<arg>${URL_MainPage_MainURL}</arg>
<doc>Verifies that the current URL is exactly ``url``.</doc>
<status status="PASS" start="2025-03-20T23:29:01.571939" elapsed="0.017004"/>
</kw>
<kw name="Log" owner="BuiltIn">
<msg time="2025-03-20T23:29:01.589943" level="INFO">Úspěšně ověřena navigace na https://www.zsmalse.cz/skolni-druzina a zpět na hlavní stránku.</msg>
<arg>Úspěšně ověřena navigace na ${URL_x} a zpět na hlavní stránku.</arg>
<doc>Logs the given message with the given level.</doc>
<status status="PASS" start="2025-03-20T23:29:01.588943" elapsed="0.001000"/>
</kw>
<var name="${index}">4</var>
<status status="PASS" start="2025-03-20T23:29:00.540069" elapsed="1.049874"/>
</iter>
<iter>
<kw name="Set Variable" owner="BuiltIn">
<msg time="2025-03-20T23:29:01.590943" level="INFO">${URL_x} = https://www.zsmalse.cz/skolni-jidelna</msg>
<var>${URL_x}</var>
<arg>${URLsForTC100}[${index}]</arg>
<doc>Returns the given values which can then be assigned to a variables.</doc>
<status status="PASS" start="2025-03-20T23:29:01.589943" elapsed="0.001000"/>
</kw>
<kw name="Set Variable" owner="BuiltIn">
<msg time="2025-03-20T23:29:01.590943" level="INFO">${Button_x} = //body/div[@id='sticky-bar']/nav[1]/ul[1]/li[6]/a[1]</msg>
<var>${Button_x}</var>
<arg>${ButtonsForTC100}[${index}]</arg>
<doc>Returns the given values which can then be assigned to a variables.</doc>
<status status="PASS" start="2025-03-20T23:29:01.590943" elapsed="0.000000"/>
</kw>
<kw name="Wait Until Element Is Visible" owner="SeleniumLibrary">
<arg>${Button_x}</arg>
<doc>Waits until the element ``locator`` is visible.</doc>
<status status="PASS" start="2025-03-20T23:29:01.590943" elapsed="0.019005"/>
</kw>
<kw name="Click Element" owner="SeleniumLibrary">
<msg time="2025-03-20T23:29:01.609948" level="INFO">Clicking element '//body/div[@id='sticky-bar']/nav[1]/ul[1]/li[6]/a[1]'.</msg>
<arg>${Button_x}</arg>
<doc>Click the element identified by ``locator``.</doc>
<status status="PASS" start="2025-03-20T23:29:01.609948" elapsed="0.402621"/>
</kw>
<kw name="Location Should Be" owner="SeleniumLibrary">
<msg time="2025-03-20T23:29:02.016570" level="INFO">Current location is 'https://www.zsmalse.cz/skolni-jidelna'.</msg>
<arg>${URL_x}</arg>
<doc>Verifies that the current URL is exactly ``url``.</doc>
<status status="PASS" start="2025-03-20T23:29:02.012569" elapsed="0.004001"/>
</kw>
<kw name="Go To" owner="SeleniumLibrary">
<msg time="2025-03-20T23:29:02.017571" level="INFO">Opening url 'https://www.zsmalse.cz/'</msg>
<arg>${URL_MainPage_MainURL}</arg>
<doc>Navigates the current browser window to the provided ``url``.</doc>
<status status="PASS" start="2025-03-20T23:29:02.017571" elapsed="0.575022"/>
</kw>
<kw name="Location Should Be" owner="SeleniumLibrary">
<msg time="2025-03-20T23:29:02.596119" level="INFO">Current location is 'https://www.zsmalse.cz/'.</msg>
<arg>${URL_MainPage_MainURL}</arg>
<doc>Verifies that the current URL is exactly ``url``.</doc>
<status status="PASS" start="2025-03-20T23:29:02.592593" elapsed="0.003526"/>
</kw>
<kw name="Log" owner="BuiltIn">
<msg time="2025-03-20T23:29:02.597116" level="INFO">Úspěšně ověřena navigace na https://www.zsmalse.cz/skolni-jidelna a zpět na hlavní stránku.</msg>
<arg>Úspěšně ověřena navigace na ${URL_x} a zpět na hlavní stránku.</arg>
<doc>Logs the given message with the given level.</doc>
<status status="PASS" start="2025-03-20T23:29:02.596119" elapsed="0.000997"/>
</kw>
<var name="${index}">5</var>
<status status="PASS" start="2025-03-20T23:29:01.589943" elapsed="1.007173"/>
</iter>
<iter>
<kw name="Set Variable" owner="BuiltIn">
<msg time="2025-03-20T23:29:02.597116" level="INFO">${URL_x} = https://www.zsmalse.cz/poradenstvi</msg>
<var>${URL_x}</var>
<arg>${URLsForTC100}[${index}]</arg>
<doc>Returns the given values which can then be assigned to a variables.</doc>
<status status="PASS" start="2025-03-20T23:29:02.597116" elapsed="0.000000"/>
</kw>
<kw name="Set Variable" owner="BuiltIn">
<msg time="2025-03-20T23:29:02.597116" level="INFO">${Button_x} = //body/div[@id='sticky-bar']/nav[1]/ul[1]/li[7]/a[1]</msg>
<var>${Button_x}</var>
<arg>${ButtonsForTC100}[${index}]</arg>
<doc>Returns the given values which can then be assigned to a variables.</doc>
<status status="PASS" start="2025-03-20T23:29:02.597116" elapsed="0.000000"/>
</kw>
<kw name="Wait Until Element Is Visible" owner="SeleniumLibrary">
<arg>${Button_x}</arg>
<doc>Waits until the element ``locator`` is visible.</doc>
<status status="PASS" start="2025-03-20T23:29:02.597116" elapsed="0.014003"/>
</kw>
<kw name="Click Element" owner="SeleniumLibrary">
<msg time="2025-03-20T23:29:02.611119" level="INFO">Clicking element '//body/div[@id='sticky-bar']/nav[1]/ul[1]/li[7]/a[1]'.</msg>
<arg>${Button_x}</arg>
<doc>Click the element identified by ``locator``.</doc>
<status status="PASS" start="2025-03-20T23:29:02.611119" elapsed="0.380343"/>
</kw>
<kw name="Location Should Be" owner="SeleniumLibrary">
<msg time="2025-03-20T23:29:02.994463" level="INFO">Current location is 'https://www.zsmalse.cz/poradenstvi'.</msg>
<arg>${URL_x}</arg>
<doc>Verifies that the current URL is exactly ``url``.</doc>
<status status="PASS" start="2025-03-20T23:29:02.991462" elapsed="0.003001"/>
</kw>
<kw name="Go To" owner="SeleniumLibrary">
<msg time="2025-03-20T23:29:02.994463" level="INFO">Opening url 'https://www.zsmalse.cz/'</msg>
<arg>${URL_MainPage_MainURL}</arg>
<doc>Navigates the current browser window to the provided ``url``.</doc>
<status status="PASS" start="2025-03-20T23:29:02.994463" elapsed="0.572458"/>
</kw>
<kw name="Location Should Be" owner="SeleniumLibrary">
<msg time="2025-03-20T23:29:03.571921" level="INFO">Current location is 'https://www.zsmalse.cz/'.</msg>
<arg>${URL_MainPage_MainURL}</arg>
<doc>Verifies that the current URL is exactly ``url``.</doc>
<status status="PASS" start="2025-03-20T23:29:03.566921" elapsed="0.005000"/>
</kw>
<kw name="Log" owner="BuiltIn">
<msg time="2025-03-20T23:29:03.572922" level="INFO">Úspěšně ověřena navigace na https://www.zsmalse.cz/poradenstvi a zpět na hlavní stránku.</msg>
<arg>Úspěšně ověřena navigace na ${URL_x} a zpět na hlavní stránku.</arg>
<doc>Logs the given message with the given level.</doc>
<status status="PASS" start="2025-03-20T23:29:03.572922" elapsed="0.000000"/>
</kw>
<var name="${index}">6</var>
<status status="PASS" start="2025-03-20T23:29:02.597116" elapsed="0.975806"/>
</iter>
<iter>
<kw name="Set Variable" owner="BuiltIn">
<msg time="2025-03-20T23:29:03.572922" level="INFO">${URL_x} = https://www.zsmalse.cz/prevence</msg>
<var>${URL_x}</var>
<arg>${URLsForTC100}[${index}]</arg>
<doc>Returns the given values which can then be assigned to a variables.</doc>
<status status="PASS" start="2025-03-20T23:29:03.572922" elapsed="0.000000"/>
</kw>
<kw name="Set Variable" owner="BuiltIn">
<msg time="2025-03-20T23:29:03.572922" level="INFO">${Button_x} = //body/div[@id='sticky-bar']/nav[1]/ul[1]/li[8]/a[1]</msg>
<var>${Button_x}</var>
<arg>${ButtonsForTC100}[${index}]</arg>
<doc>Returns the given values which can then be assigned to a variables.</doc>
<status status="PASS" start="2025-03-20T23:29:03.572922" elapsed="0.001000"/>
</kw>
<kw name="Wait Until Element Is Visible" owner="SeleniumLibrary">
<arg>${Button_x}</arg>
<doc>Waits until the element ``locator`` is visible.</doc>
<status status="PASS" start="2025-03-20T23:29:03.573922" elapsed="0.014003"/>
</kw>
<kw name="Click Element" owner="SeleniumLibrary">
<msg time="2025-03-20T23:29:03.587925" level="INFO">Clicking element '//body/div[@id='sticky-bar']/nav[1]/ul[1]/li[8]/a[1]'.</msg>
<arg>${Button_x}</arg>
<doc>Click the element identified by ``locator``.</doc>
<status status="PASS" start="2025-03-20T23:29:03.587925" elapsed="0.349025"/>
</kw>
<kw name="Location Should Be" owner="SeleniumLibrary">
<msg time="2025-03-20T23:29:03.944951" level="INFO">Current location is 'https://www.zsmalse.cz/prevence'.</msg>
<arg>${URL_x}</arg>
<doc>Verifies that the current URL is exactly ``url``.</doc>
<status status="PASS" start="2025-03-20T23:29:03.936950" elapsed="0.008001"/>
</kw>
<kw name="Go To" owner="SeleniumLibrary">
<msg time="2025-03-20T23:29:03.945951" level="INFO">Opening url 'https://www.zsmalse.cz/'</msg>
<arg>${URL_MainPage_MainURL}</arg>
<doc>Navigates the current browser window to the provided ``url``.</doc>
<status status="PASS" start="2025-03-20T23:29:03.945951" elapsed="0.541996"/>
</kw>
<kw name="Location Should Be" owner="SeleniumLibrary">
<msg time="2025-03-20T23:29:04.490949" level="INFO">Current location is 'https://www.zsmalse.cz/'.</msg>
<arg>${URL_MainPage_MainURL}</arg>
<doc>Verifies that the current URL is exactly ``url``.</doc>
<status status="PASS" start="2025-03-20T23:29:04.488948" elapsed="0.002001"/>
</kw>
<kw name="Log" owner="BuiltIn">
<msg time="2025-03-20T23:29:04.490949" level="INFO">Úspěšně ověřena navigace na https://www.zsmalse.cz/prevence a zpět na hlavní stránku.</msg>
<arg>Úspěšně ověřena navigace na ${URL_x} a zpět na hlavní stránku.</arg>
<doc>Logs the given message with the given level.</doc>
<status status="PASS" start="2025-03-20T23:29:04.490949" elapsed="0.000000"/>
</kw>
<var name="${index}">7</var>
<status status="PASS" start="2025-03-20T23:29:03.572922" elapsed="0.918027"/>
</iter>
<iter>
<kw name="Set Variable" owner="BuiltIn">
<msg time="2025-03-20T23:29:04.491949" level="INFO">${URL_x} = https://www.zsmalse.cz/galerie</msg>
<var>${URL_x}</var>
<arg>${URLsForTC100}[${index}]</arg>
<doc>Returns the given values which can then be assigned to a variables.</doc>
<status status="PASS" start="2025-03-20T23:29:04.491949" elapsed="0.000000"/>
</kw>
<kw name="Set Variable" owner="BuiltIn">
<msg time="2025-03-20T23:29:04.491949" level="INFO">${Button_x} = //body/div[@id='sticky-bar']/nav[1]/ul[1]/li[9]/a[1]</msg>
<var>${Button_x}</var>
<arg>${ButtonsForTC100}[${index}]</arg>
<doc>Returns the given values which can then be assigned to a variables.</doc>
<status status="PASS" start="2025-03-20T23:29:04.491949" elapsed="0.000000"/>
</kw>
<kw name="Wait Until Element Is Visible" owner="SeleniumLibrary">
<arg>${Button_x}</arg>
<doc>Waits until the element ``locator`` is visible.</doc>
<status status="PASS" start="2025-03-20T23:29:04.491949" elapsed="0.015004"/>
</kw>
<kw name="Click Element" owner="SeleniumLibrary">
<msg time="2025-03-20T23:29:04.506953" level="INFO">Clicking element '//body/div[@id='sticky-bar']/nav[1]/ul[1]/li[9]/a[1]'.</msg>
<arg>${Button_x}</arg>
<doc>Click the element identified by ``locator``.</doc>
<status status="PASS" start="2025-03-20T23:29:04.506953" elapsed="0.706256"/>
</kw>
<kw name="Location Should Be" owner="SeleniumLibrary">
<msg time="2025-03-20T23:29:05.215210" level="INFO">Current location is 'https://www.zsmalse.cz/galerie'.</msg>
<arg>${URL_x}</arg>
<doc>Verifies that the current URL is exactly ``url``.</doc>
<status status="PASS" start="2025-03-20T23:29:05.213209" elapsed="0.002001"/>
</kw>
<kw name="Go To" owner="SeleniumLibrary">
<msg time="2025-03-20T23:29:05.216211" level="INFO">Opening url 'https://www.zsmalse.cz/'</msg>
<arg>${URL_MainPage_MainURL}</arg>
<doc>Navigates the current browser window to the provided ``url``.</doc>
<status status="PASS" start="2025-03-20T23:29:05.216211" elapsed="0.570053"/>
</kw>
<kw name="Location Should Be" owner="SeleniumLibrary">
<msg time="2025-03-20T23:29:05.793264" level="INFO">Current location is 'https://www.zsmalse.cz/'.</msg>
<arg>${URL_MainPage_MainURL}</arg>
<doc>Verifies that the current URL is exactly ``url``.</doc>
<status status="PASS" start="2025-03-20T23:29:05.786264" elapsed="0.007000"/>
</kw>
<kw name="Log" owner="BuiltIn">
<msg time="2025-03-20T23:29:05.793264" level="INFO">Úspěšně ověřena navigace na https://www.zsmalse.cz/galerie a zpět na hlavní stránku.</msg>
<arg>Úspěšně ověřena navigace na ${URL_x} a zpět na hlavní stránku.</arg>
<doc>Logs the given message with the given level.</doc>
<status status="PASS" start="2025-03-20T23:29:05.793264" elapsed="0.000000"/>
</kw>
<var name="${index}">8</var>
<status status="PASS" start="2025-03-20T23:29:04.491949" elapsed="1.301315"/>
</iter>
<var>${index}</var>
<value>0</value>
<value>9</value>
<status status="PASS" start="2025-03-20T23:28:56.320267" elapsed="9.473997"/>
</for>
<kw name="Log" owner="BuiltIn">
<msg time="2025-03-20T23:29:05.794264" level="INFO">Otestování TC_100 proběhlo úspěšně</msg>
<arg>Otestování TC_100 proběhlo úspěšně</arg>
<doc>Logs the given message with the given level.</doc>
<status status="PASS" start="2025-03-20T23:29:05.794264" elapsed="0.000000"/>
</kw>
<status status="PASS" start="2025-03-20T23:28:56.320267" elapsed="9.473997"/>
</test>
<test id="s1-s1-t3" name="TC_101 Kontrola menu částí Školní rok 2023-2024" line="37">
<for flavor="IN RANGE">
<iter>
<kw name="Set Variable" owner="BuiltIn">
<msg time="2025-03-20T23:29:05.795264" level="INFO">${URL_x} = https://www.zsmalse.cz/organizace-skolniho-roku-20212022</msg>
<var>${URL_x}</var>
<arg>${URLsForTC101}[${index}]</arg>
<doc>Returns the given values which can then be assigned to a variables.</doc>
<status status="PASS" start="2025-03-20T23:29:05.795264" elapsed="0.000000"/>
</kw>
<kw name="Set Variable" owner="BuiltIn">
<msg time="2025-03-20T23:29:05.795264" level="INFO">${Button_x} = //body/div[@id='sticky-bar']/nav[1]/ul[1]/li[1]/div[1]/div[1]/div[1]/div[1]</msg>
<var>${Button_x}</var>
<arg>${ButtonsForTC101}[${index}]</arg>
<doc>Returns the given values which can then be assigned to a variables.</doc>
<status status="PASS" start="2025-03-20T23:29:05.795264" elapsed="0.000000"/>
</kw>
<kw name="Wait Until Element Is Visible" owner="SeleniumLibrary">
<arg>${Button_SkolniRok2023/2024}</arg>
<doc>Waits until the element ``locator`` is visible.</doc>
<status status="PASS" start="2025-03-20T23:29:05.796264" elapsed="0.011003"/>
</kw>
<kw name="Mouse Over" owner="SeleniumLibrary">
<msg time="2025-03-20T23:29:05.807267" level="INFO">Simulating Mouse Over on element '//body/div[@id='sticky-bar']/nav[1]/ul[1]/li[1]/a[1]'.</msg>
<arg>${Button_SkolniRok2023/2024}</arg>
<doc>Simulates hovering the mouse over the element ``locator``.</doc>
<status status="PASS" start="2025-03-20T23:29:05.807267" elapsed="0.263845"/>
</kw>
<kw name="Wait Until Element Is Visible" owner="SeleniumLibrary">
<arg>${Button_x}</arg>
<doc>Waits until the element ``locator`` is visible.</doc>
<status status="PASS" start="2025-03-20T23:29:06.072113" elapsed="0.013002"/>
</kw>
<kw name="Click Element" owner="SeleniumLibrary">
<msg time="2025-03-20T23:29:06.085115" level="INFO">Clicking element '//body/div[@id='sticky-bar']/nav[1]/ul[1]/li[1]/div[1]/div[1]/div[1]/div[1]'.</msg>
<arg>${Button_x}</arg>
<doc>Click the element identified by ``locator``.</doc>
<status status="PASS" start="2025-03-20T23:29:06.085115" elapsed="0.259336"/>
</kw>
<kw name="Location Should Be" owner="SeleniumLibrary">
<msg time="2025-03-20T23:29:06.347451" level="INFO">Current location is 'https://www.zsmalse.cz/organizace-skolniho-roku-20212022'.</msg>
<arg>${URL_x}</arg>
<doc>Verifies that the current URL is exactly ``url``.</doc>
<status status="PASS" start="2025-03-20T23:29:06.345451" elapsed="0.002000"/>
</kw>
<kw name="Go To" owner="SeleniumLibrary">
<msg time="2025-03-20T23:29:06.347451" level="INFO">Opening url 'https://www.zsmalse.cz/'</msg>
<arg>${URL_MainPage_MainURL}</arg>
<doc>Navigates the current browser window to the provided ``url``.</doc>
<status status="PASS" start="2025-03-20T23:29:06.347451" elapsed="0.570712"/>
</kw>
<kw name="Location Should Be" owner="SeleniumLibrary">
<msg time="2025-03-20T23:29:06.921163" level="INFO">Current location is 'https://www.zsmalse.cz/'.</msg>
<arg>${URL_MainPage_MainURL}</arg>
<doc>Verifies that the current URL is exactly ``url``.</doc>
<status status="PASS" start="2025-03-20T23:29:06.918163" elapsed="0.003000"/>
</kw>
<kw name="Log" owner="BuiltIn">
<msg time="2025-03-20T23:29:06.921163" level="INFO">Úspěšně ověřena navigace na https://www.zsmalse.cz/organizace-skolniho-roku-20212022 a zpět na hlavní stránku.</msg>
<arg>Úspěšně ověřena navigace na ${URL_x} a zpět na hlavní stránku.</arg>
<doc>Logs the given message with the given level.</doc>
<status status="PASS" start="2025-03-20T23:29:06.921163" elapsed="0.000000"/>
</kw>
<var name="${index}">0</var>
<status status="PASS" start="2025-03-20T23:29:05.795264" elapsed="1.125899"/>
</iter>
<iter>
<kw name="Set Variable" owner="BuiltIn">
<msg time="2025-03-20T23:29:06.922164" level="INFO">${URL_x} = https://www.zsmalse.cz/zavazne-terminy</msg>
<var>${URL_x}</var>
<arg>${URLsForTC101}[${index}]</arg>
<doc>Returns the given values which can then be assigned to a variables.</doc>
<status status="PASS" start="2025-03-20T23:29:06.922164" elapsed="0.000000"/>
</kw>
<kw name="Set Variable" owner="BuiltIn">
<msg time="2025-03-20T23:29:06.922164" level="INFO">${Button_x} = //body/div[@id='sticky-bar']/nav[1]/ul[1]/li[1]/div[1]/div[1]/div[1]/div[2]</msg>
<var>${Button_x}</var>
<arg>${ButtonsForTC101}[${index}]</arg>
<doc>Returns the given values which can then be assigned to a variables.</doc>
<status status="PASS" start="2025-03-20T23:29:06.922164" elapsed="0.000000"/>
</kw>
<kw name="Wait Until Element Is Visible" owner="SeleniumLibrary">
<arg>${Button_SkolniRok2023/2024}</arg>
<doc>Waits until the element ``locator`` is visible.</doc>
<status status="PASS" start="2025-03-20T23:29:06.922164" elapsed="0.013002"/>
</kw>
<kw name="Mouse Over" owner="SeleniumLibrary">
<msg time="2025-03-20T23:29:06.936167" level="INFO">Simulating Mouse Over on element '//body/div[@id='sticky-bar']/nav[1]/ul[1]/li[1]/a[1]'.</msg>
<arg>${Button_SkolniRok2023/2024}</arg>
<doc>Simulates hovering the mouse over the element ``locator``.</doc>
<status status="PASS" start="2025-03-20T23:29:06.936167" elapsed="0.263223"/>
</kw>
<kw name="Wait Until Element Is Visible" owner="SeleniumLibrary">
<arg>${Button_x}</arg>
<doc>Waits until the element ``locator`` is visible.</doc>
<status status="PASS" start="2025-03-20T23:29:07.199390" elapsed="0.012003"/>
</kw>
<kw name="Click Element" owner="SeleniumLibrary">
<msg time="2025-03-20T23:29:07.211393" level="INFO">Clicking element '//body/div[@id='sticky-bar']/nav[1]/ul[1]/li[1]/div[1]/div[1]/div[1]/div[2]'.</msg>
<arg>${Button_x}</arg>
<doc>Click the element identified by ``locator``.</doc>
<status status="PASS" start="2025-03-20T23:29:07.211393" elapsed="0.396055"/>
</kw>
<kw name="Location Should Be" owner="SeleniumLibrary">
<msg time="2025-03-20T23:29:07.609449" level="INFO">Current location is 'https://www.zsmalse.cz/zavazne-terminy'.</msg>
<arg>${URL_x}</arg>
<doc>Verifies that the current URL is exactly ``url``.</doc>
<status status="PASS" start="2025-03-20T23:29:07.607448" elapsed="0.002001"/>
</kw>
<kw name="Go To" owner="SeleniumLibrary">
<msg time="2025-03-20T23:29:07.610448" level="INFO">Opening url 'https://www.zsmalse.cz/'</msg>
<arg>${URL_MainPage_MainURL}</arg>
<doc>Navigates the current browser window to the provided ``url``.</doc>
<status status="PASS" start="2025-03-20T23:29:07.609449" elapsed="0.559819"/>
</kw>
<kw name="Location Should Be" owner="SeleniumLibrary">
<msg time="2025-03-20T23:29:08.175270" level="INFO">Current location is 'https://www.zsmalse.cz/'.</msg>
<arg>${URL_MainPage_MainURL}</arg>
<doc>Verifies that the current URL is exactly ``url``.</doc>
<status status="PASS" start="2025-03-20T23:29:08.169268" elapsed="0.006002"/>
</kw>
<kw name="Log" owner="BuiltIn">
<msg time="2025-03-20T23:29:08.175270" level="INFO">Úspěšně ověřena navigace na https://www.zsmalse.cz/zavazne-terminy a zpět na hlavní stránku.</msg>
<arg>Úspěšně ověřena navigace na ${URL_x} a zpět na hlavní stránku.</arg>
<doc>Logs the given message with the given level.</doc>
<status status="PASS" start="2025-03-20T23:29:08.175270" elapsed="0.000000"/>
</kw>
<var name="${index}">1</var>
<status status="PASS" start="2025-03-20T23:29:06.921163" elapsed="1.254107"/>
</iter>
<iter>
<kw name="Set Variable" owner="BuiltIn">
<msg time="2025-03-20T23:29:08.176270" level="INFO">${URL_x} = https://www.zsmalse.cz/projekty</msg>
<var>${URL_x}</var>
<arg>${URLsForTC101}[${index}]</arg>
<doc>Returns the given values which can then be assigned to a variables.</doc>
<status status="PASS" start="2025-03-20T23:29:08.175270" elapsed="0.001000"/>
</kw>
<kw name="Set Variable" owner="BuiltIn">
<msg time="2025-03-20T23:29:08.176270" level="INFO">${Button_x} = //body/div[@id='sticky-bar']/nav[1]/ul[1]/li[1]/div[1]/div[1]/div[1]/div[3]</msg>
<var>${Button_x}</var>
<arg>${ButtonsForTC101}[${index}]</arg>
<doc>Returns the given values which can then be assigned to a variables.</doc>
<status status="PASS" start="2025-03-20T23:29:08.176270" elapsed="0.000000"/>
</kw>
<kw name="Wait Until Element Is Visible" owner="SeleniumLibrary">
<arg>${Button_SkolniRok2023/2024}</arg>
<doc>Waits until the element ``locator`` is visible.</doc>
<status status="PASS" start="2025-03-20T23:29:08.176270" elapsed="0.013003"/>
</kw>
<kw name="Mouse Over" owner="SeleniumLibrary">
<msg time="2025-03-20T23:29:08.189273" level="INFO">Simulating Mouse Over on element '//body/div[@id='sticky-bar']/nav[1]/ul[1]/li[1]/a[1]'.</msg>
<arg>${Button_SkolniRok2023/2024}</arg>
<doc>Simulates hovering the mouse over the element ``locator``.</doc>
<status status="PASS" start="2025-03-20T23:29:08.189273" elapsed="0.263555"/>
</kw>
<kw name="Wait Until Element Is Visible" owner="SeleniumLibrary">
<arg>${Button_x}</arg>
<doc>Waits until the element ``locator`` is visible.</doc>
<status status="PASS" start="2025-03-20T23:29:08.452828" elapsed="0.012118"/>
</kw>
<kw name="Click Element" owner="SeleniumLibrary">
<msg time="2025-03-20T23:29:08.464946" level="INFO">Clicking element '//body/div[@id='sticky-bar']/nav[1]/ul[1]/li[1]/div[1]/div[1]/div[1]/div[3]'.</msg>
<arg>${Button_x}</arg>
<doc>Click the element identified by ``locator``.</doc>
<status status="PASS" start="2025-03-20T23:29:08.464946" elapsed="1.589023"/>
</kw>
<kw name="Location Should Be" owner="SeleniumLibrary">
<msg time="2025-03-20T23:29:10.055970" level="INFO">Current location is 'https://www.zsmalse.cz/projekty'.</msg>
<arg>${URL_x}</arg>
<doc>Verifies that the current URL is exactly ``url``.</doc>
<status status="PASS" start="2025-03-20T23:29:10.053969" elapsed="0.002001"/>
</kw>
<kw name="Go To" owner="SeleniumLibrary">
<msg time="2025-03-20T23:29:10.056971" level="INFO">Opening url 'https://www.zsmalse.cz/'</msg>
<arg>${URL_MainPage_MainURL}</arg>
<doc>Navigates the current browser window to the provided ``url``.</doc>
<status status="PASS" start="2025-03-20T23:29:10.055970" elapsed="0.577002"/>
</kw>
<kw name="Location Should Be" owner="SeleniumLibrary">
<msg time="2025-03-20T23:29:10.638973" level="INFO">Current location is 'https://www.zsmalse.cz/'.</msg>
<arg>${URL_MainPage_MainURL}</arg>
<doc>Verifies that the current URL is exactly ``url``.</doc>
<status status="PASS" start="2025-03-20T23:29:10.632972" elapsed="0.006001"/>
</kw>
<kw name="Log" owner="BuiltIn">
<msg time="2025-03-20T23:29:10.638973" level="INFO">Úspěšně ověřena navigace na https://www.zsmalse.cz/projekty a zpět na hlavní stránku.</msg>
<arg>Úspěšně ověřena navigace na ${URL_x} a zpět na hlavní stránku.</arg>
<doc>Logs the given message with the given level.</doc>
<status status="PASS" start="2025-03-20T23:29:10.638973" elapsed="0.000000"/>
</kw>
<var name="${index}">2</var>
<status status="PASS" start="2025-03-20T23:29:08.175270" elapsed="2.463703"/>
</iter>
<iter>
<kw name="Set Variable" owner="BuiltIn">
<msg time="2025-03-20T23:29:10.639973" level="INFO">${URL_x} = https://www.zsmalse.cz/zamestnanci</msg>
<var>${URL_x}</var>
<arg>${URLsForTC101}[${index}]</arg>
<doc>Returns the given values which can then be assigned to a variables.</doc>
<status status="PASS" start="2025-03-20T23:29:10.639973" elapsed="0.000000"/>
</kw>
<kw name="Set Variable" owner="BuiltIn">
<msg time="2025-03-20T23:29:10.639973" level="INFO">${Button_x} = //body/div[@id='sticky-bar']/nav[1]/ul[1]/li[1]/div[1]/div[1]/div[1]/div[4]</msg>
<var>${Button_x}</var>
<arg>${ButtonsForTC101}[${index}]</arg>
<doc>Returns the given values which can then be assigned to a variables.</doc>
<status status="PASS" start="2025-03-20T23:29:10.639973" elapsed="0.000000"/>
</kw>
<kw name="Wait Until Element Is Visible" owner="SeleniumLibrary">
<arg>${Button_SkolniRok2023/2024}</arg>
<doc>Waits until the element ``locator`` is visible.</doc>
<status status="PASS" start="2025-03-20T23:29:10.639973" elapsed="0.011002"/>
</kw>
<kw name="Mouse Over" owner="SeleniumLibrary">
<msg time="2025-03-20T23:29:10.651976" level="INFO">Simulating Mouse Over on element '//body/div[@id='sticky-bar']/nav[1]/ul[1]/li[1]/a[1]'.</msg>
<arg>${Button_SkolniRok2023/2024}</arg>
<doc>Simulates hovering the mouse over the element ``locator``.</doc>
<status status="PASS" start="2025-03-20T23:29:10.650975" elapsed="0.265096"/>
</kw>
<kw name="Wait Until Element Is Visible" owner="SeleniumLibrary">
<arg>${Button_x}</arg>
<doc>Waits until the element ``locator`` is visible.</doc>
<status status="PASS" start="2025-03-20T23:29:10.917071" elapsed="0.011003"/>
</kw>
<kw name="Click Element" owner="SeleniumLibrary">
<msg time="2025-03-20T23:29:10.929073" level="INFO">Clicking element '//body/div[@id='sticky-bar']/nav[1]/ul[1]/li[1]/div[1]/div[1]/div[1]/div[4]'.</msg>
<arg>${Button_x}</arg>
<doc>Click the element identified by ``locator``.</doc>
<status status="PASS" start="2025-03-20T23:29:10.929073" elapsed="0.831973"/>
</kw>
<kw name="Location Should Be" owner="SeleniumLibrary">
<msg time="2025-03-20T23:29:11.763046" level="INFO">Current location is 'https://www.zsmalse.cz/zamestnanci'.</msg>
<arg>${URL_x}</arg>
<doc>Verifies that the current URL is exactly ``url``.</doc>
<status status="PASS" start="2025-03-20T23:29:11.761046" elapsed="0.002000"/>
</kw>
<kw name="Go To" owner="SeleniumLibrary">
<msg time="2025-03-20T23:29:11.764048" level="INFO">Opening url 'https://www.zsmalse.cz/'</msg>
<arg>${URL_MainPage_MainURL}</arg>
<doc>Navigates the current browser window to the provided ``url``.</doc>
<status status="PASS" start="2025-03-20T23:29:11.764048" elapsed="0.571835"/>
</kw>
<kw name="Location Should Be" owner="SeleniumLibrary">
<msg time="2025-03-20T23:29:12.339884" level="INFO">Current location is 'https://www.zsmalse.cz/'.</msg>
<arg>${URL_MainPage_MainURL}</arg>
<doc>Verifies that the current URL is exactly ``url``.</doc>
<status status="PASS" start="2025-03-20T23:29:12.335883" elapsed="0.004001"/>
</kw>
<kw name="Log" owner="BuiltIn">
<msg time="2025-03-20T23:29:12.340886" level="INFO">Úspěšně ověřena navigace na https://www.zsmalse.cz/zamestnanci a zpět na hlavní stránku.</msg>
<arg>Úspěšně ověřena navigace na ${URL_x} a zpět na hlavní stránku.</arg>
<doc>Logs the given message with the given level.</doc>
<status status="PASS" start="2025-03-20T23:29:12.339884" elapsed="0.001002"/>
</kw>
<var name="${index}">3</var>
<status status="PASS" start="2025-03-20T23:29:10.639973" elapsed="1.700913"/>
</iter>
<iter>
<kw name="Set Variable" owner="BuiltIn">
<msg time="2025-03-20T23:29:12.340886" level="INFO">${URL_x} = https://www.zsmalse.cz/skolni-rok-20222023</msg>
<var>${URL_x}</var>
<arg>${URLsForTC101}[${index}]</arg>
<doc>Returns the given values which can then be assigned to a variables.</doc>
<status status="PASS" start="2025-03-20T23:29:12.340886" elapsed="0.000000"/>
</kw>
<kw name="Set Variable" owner="BuiltIn">
<msg time="2025-03-20T23:29:12.341885" level="INFO">${Button_x} = //body/div[@id='sticky-bar']/nav[1]/ul[1]/li[1]/div[1]/div[1]/div[1]/div[5]</msg>
<var>${Button_x}</var>
<arg>${ButtonsForTC101}[${index}]</arg>
<doc>Returns the given values which can then be assigned to a variables.</doc>
<status status="PASS" start="2025-03-20T23:29:12.340886" elapsed="0.000999"/>
</kw>
<kw name="Wait Until Element Is Visible" owner="SeleniumLibrary">
<arg>${Button_SkolniRok2023/2024}</arg>
<doc>Waits until the element ``locator`` is visible.</doc>
<status status="PASS" start="2025-03-20T23:29:12.341885" elapsed="0.012002"/>
</kw>
<kw name="Mouse Over" owner="SeleniumLibrary">
<msg time="2025-03-20T23:29:12.354888" level="INFO">Simulating Mouse Over on element '//body/div[@id='sticky-bar']/nav[1]/ul[1]/li[1]/a[1]'.</msg>
<arg>${Button_SkolniRok2023/2024}</arg>
<doc>Simulates hovering the mouse over the element ``locator``.</doc>
<status status="PASS" start="2025-03-20T23:29:12.354888" elapsed="0.264080"/>
</kw>
<kw name="Wait Until Element Is Visible" owner="SeleniumLibrary">
<arg>${Button_x}</arg>
<doc>Waits until the element ``locator`` is visible.</doc>
<status status="PASS" start="2025-03-20T23:29:12.619966" elapsed="0.012002"/>
</kw>
<kw name="Click Element" owner="SeleniumLibrary">
<msg time="2025-03-20T23:29:12.632969" level="INFO">Clicking element '//body/div[@id='sticky-bar']/nav[1]/ul[1]/li[1]/div[1]/div[1]/div[1]/div[5]'.</msg>
<arg>${Button_x}</arg>
<doc>Click the element identified by ``locator``.</doc>
<status status="PASS" start="2025-03-20T23:29:12.632969" elapsed="0.361201"/>
</kw>
<kw name="Location Should Be" owner="SeleniumLibrary">
<msg time="2025-03-20T23:29:12.997171" level="INFO">Current location is 'https://www.zsmalse.cz/skolni-rok-20222023'.</msg>
<arg>${URL_x}</arg>
<doc>Verifies that the current URL is exactly ``url``.</doc>
<status status="PASS" start="2025-03-20T23:29:12.994170" elapsed="0.003001"/>
</kw>
<kw name="Go To" owner="SeleniumLibrary">
<msg time="2025-03-20T23:29:12.997171" level="INFO">Opening url 'https://www.zsmalse.cz/'</msg>
<arg>${URL_MainPage_MainURL}</arg>
<doc>Navigates the current browser window to the provided ``url``.</doc>
<status status="PASS" start="2025-03-20T23:29:12.997171" elapsed="0.559296"/>
</kw>
<kw name="Location Should Be" owner="SeleniumLibrary">
<msg time="2025-03-20T23:29:13.559468" level="INFO">Current location is 'https://www.zsmalse.cz/'.</msg>
<arg>${URL_MainPage_MainURL}</arg>
<doc>Verifies that the current URL is exactly ``url``.</doc>
<status status="PASS" start="2025-03-20T23:29:13.556467" elapsed="0.003001"/>
</kw>
<kw name="Log" owner="BuiltIn">
<msg time="2025-03-20T23:29:13.560468" level="INFO">Úspěšně ověřena navigace na https://www.zsmalse.cz/skolni-rok-20222023 a zpět na hlavní stránku.</msg>
<arg>Úspěšně ověřena navigace na ${URL_x} a zpět na hlavní stránku.</arg>
<doc>Logs the given message with the given level.</doc>
<status status="PASS" start="2025-03-20T23:29:13.560468" elapsed="0.000000"/>
</kw>
<var name="${index}">4</var>
<status status="PASS" start="2025-03-20T23:29:12.340886" elapsed="1.219582"/>
</iter>
<iter>
<kw name="Set Variable" owner="BuiltIn">
<msg time="2025-03-20T23:29:13.560468" level="INFO">${URL_x} = https://www.zsmalse.cz/skolska-rada</msg>
<var>${URL_x}</var>
<arg>${URLsForTC101}[${index}]</arg>
<doc>Returns the given values which can then be assigned to a variables.</doc>
<status status="PASS" start="2025-03-20T23:29:13.560468" elapsed="0.000000"/>
</kw>
<kw name="Set Variable" owner="BuiltIn">
<msg time="2025-03-20T23:29:13.560468" level="INFO">${Button_x} = //body/div[@id='sticky-bar']/nav[1]/ul[1]/li[1]/div[1]/div[1]/div[1]/div[6]</msg>
<var>${Button_x}</var>
<arg>${ButtonsForTC101}[${index}]</arg>
<doc>Returns the given values which can then be assigned to a variables.</doc>
<status status="PASS" start="2025-03-20T23:29:13.560468" elapsed="0.000000"/>
</kw>
<kw name="Wait Until Element Is Visible" owner="SeleniumLibrary">
<arg>${Button_SkolniRok2023/2024}</arg>
<doc>Waits until the element ``locator`` is visible.</doc>
<status status="PASS" start="2025-03-20T23:29:13.560468" elapsed="0.012004"/>
</kw>
<kw name="Mouse Over" owner="SeleniumLibrary">
<msg time="2025-03-20T23:29:13.573472" level="INFO">Simulating Mouse Over on element '//body/div[@id='sticky-bar']/nav[1]/ul[1]/li[1]/a[1]'.</msg>
<arg>${Button_SkolniRok2023/2024}</arg>
<doc>Simulates hovering the mouse over the element ``locator``.</doc>
<status status="PASS" start="2025-03-20T23:29:13.572472" elapsed="0.273720"/>
</kw>
<kw name="Wait Until Element Is Visible" owner="SeleniumLibrary">
<arg>${Button_x}</arg>
<doc>Waits until the element ``locator`` is visible.</doc>
<status status="PASS" start="2025-03-20T23:29:13.846192" elapsed="0.011002"/>
</kw>
<kw name="Click Element" owner="SeleniumLibrary">
<msg time="2025-03-20T23:29:13.858194" level="INFO">Clicking element '//body/div[@id='sticky-bar']/nav[1]/ul[1]/li[1]/div[1]/div[1]/div[1]/div[6]'.</msg>
<arg>${Button_x}</arg>
<doc>Click the element identified by ``locator``.</doc>
<status status="PASS" start="2025-03-20T23:29:13.857194" elapsed="0.353994"/>
</kw>
<kw name="Location Should Be" owner="SeleniumLibrary">
<msg time="2025-03-20T23:29:14.214187" level="INFO">Current location is 'https://www.zsmalse.cz/skolska-rada'.</msg>
<arg>${URL_x}</arg>
<doc>Verifies that the current URL is exactly ``url``.</doc>
<status status="PASS" start="2025-03-20T23:29:14.211188" elapsed="0.002999"/>
</kw>
<kw name="Go To" owner="SeleniumLibrary">
<msg time="2025-03-20T23:29:14.214187" level="INFO">Opening url 'https://www.zsmalse.cz/'</msg>
<arg>${URL_MainPage_MainURL}</arg>
<doc>Navigates the current browser window to the provided ``url``.</doc>
<status status="PASS" start="2025-03-20T23:29:14.214187" elapsed="0.548092"/>
</kw>
<kw name="Location Should Be" owner="SeleniumLibrary">
<msg time="2025-03-20T23:29:14.775282" level="INFO">Current location is 'https://www.zsmalse.cz/'.</msg>
<arg>${URL_MainPage_MainURL}</arg>
<doc>Verifies that the current URL is exactly ``url``.</doc>
<status status="PASS" start="2025-03-20T23:29:14.762279" elapsed="0.013003"/>
</kw>
<kw name="Log" owner="BuiltIn">
<msg time="2025-03-20T23:29:14.775282" level="INFO">Úspěšně ověřena navigace na https://www.zsmalse.cz/skolska-rada a zpět na hlavní stránku.</msg>
<arg>Úspěšně ověřena navigace na ${URL_x} a zpět na hlavní stránku.</arg>
<doc>Logs the given message with the given level.</doc>
<status status="PASS" start="2025-03-20T23:29:14.775282" elapsed="0.000000"/>
</kw>
<var name="${index}">5</var>
<status status="PASS" start="2025-03-20T23:29:13.560468" elapsed="1.214814"/>
</iter>
<iter>
<kw name="Set Variable" owner="BuiltIn">
<msg time="2025-03-20T23:29:14.775282" level="INFO">${URL_x} = https://www.zsmalse.cz/sdruzeni-rodicu-a-pratel-skoly</msg>
<var>${URL_x}</var>
<arg>${URLsForTC101}[${index}]</arg>
<doc>Returns the given values which can then be assigned to a variables.</doc>
<status status="PASS" start="2025-03-20T23:29:14.775282" elapsed="0.000000"/>
</kw>
<kw name="Set Variable" owner="BuiltIn">
<msg time="2025-03-20T23:29:14.776282" level="INFO">${Button_x} = //body/div[@id='sticky-bar']/nav[1]/ul[1]/li[1]/div[1]/div[1]/div[1]/div[7]</msg>
<var>${Button_x}</var>
<arg>${ButtonsForTC101}[${index}]</arg>
<doc>Returns the given values which can then be assigned to a variables.</doc>
<status status="PASS" start="2025-03-20T23:29:14.776282" elapsed="0.000000"/>
</kw>
<kw name="Wait Until Element Is Visible" owner="SeleniumLibrary">
<arg>${Button_SkolniRok2023/2024}</arg>
<doc>Waits until the element ``locator`` is visible.</doc>
<status status="PASS" start="2025-03-20T23:29:14.776282" elapsed="0.010002"/>
</kw>
<kw name="Mouse Over" owner="SeleniumLibrary">
<msg time="2025-03-20T23:29:14.786284" level="INFO">Simulating Mouse Over on element '//body/div[@id='sticky-bar']/nav[1]/ul[1]/li[1]/a[1]'.</msg>
<arg>${Button_SkolniRok2023/2024}</arg>
<doc>Simulates hovering the mouse over the element ``locator``.</doc>
<status status="PASS" start="2025-03-20T23:29:14.786284" elapsed="0.273927"/>
</kw>
<kw name="Wait Until Element Is Visible" owner="SeleniumLibrary">
<arg>${Button_x}</arg>
<doc>Waits until the element ``locator`` is visible.</doc>
<status status="PASS" start="2025-03-20T23:29:15.060211" elapsed="0.013004"/>
</kw>
<kw name="Click Element" owner="SeleniumLibrary">
<msg time="2025-03-20T23:29:15.073215" level="INFO">Clicking element '//body/div[@id='sticky-bar']/nav[1]/ul[1]/li[1]/div[1]/div[1]/div[1]/div[7]'.</msg>
<arg>${Button_x}</arg>
<doc>Click the element identified by ``locator``.</doc>
<status status="PASS" start="2025-03-20T23:29:15.073215" elapsed="0.354266"/>
</kw>
<kw name="Location Should Be" owner="SeleniumLibrary">
<msg time="2025-03-20T23:29:15.429482" level="INFO">Current location is 'https://www.zsmalse.cz/sdruzeni-rodicu-a-pratel-skoly'.</msg>
<arg>${URL_x}</arg>
<doc>Verifies that the current URL is exactly ``url``.</doc>
<status status="PASS" start="2025-03-20T23:29:15.427481" elapsed="0.003002"/>
</kw>
<kw name="Go To" owner="SeleniumLibrary">
<msg time="2025-03-20T23:29:15.430483" level="INFO">Opening url 'https://www.zsmalse.cz/'</msg>
<arg>${URL_MainPage_MainURL}</arg>
<doc>Navigates the current browser window to the provided ``url``.</doc>
<status status="PASS" start="2025-03-20T23:29:15.430483" elapsed="0.570927"/>
</kw>
<kw name="Location Should Be" owner="SeleniumLibrary">
<msg time="2025-03-20T23:29:16.009411" level="INFO">Current location is 'https://www.zsmalse.cz/'.</msg>
<arg>${URL_MainPage_MainURL}</arg>
<doc>Verifies that the current URL is exactly ``url``.</doc>
<status status="PASS" start="2025-03-20T23:29:16.001410" elapsed="0.008001"/>
</kw>
<kw name="Log" owner="BuiltIn">
<msg time="2025-03-20T23:29:16.009411" level="INFO">Úspěšně ověřena navigace na https://www.zsmalse.cz/sdruzeni-rodicu-a-pratel-skoly a zpět na hlavní stránku.</msg>
<arg>Úspěšně ověřena navigace na ${URL_x} a zpět na hlavní stránku.</arg>
<doc>Logs the given message with the given level.</doc>
<status status="PASS" start="2025-03-20T23:29:16.009411" elapsed="0.000000"/>
</kw>
<var name="${index}">6</var>
<status status="PASS" start="2025-03-20T23:29:14.775282" elapsed="1.234129"/>
</iter>
<iter>
<kw name="Set Variable" owner="BuiltIn">
<msg time="2025-03-20T23:29:16.010412" level="INFO">${URL_x} = https://www.zsmalse.cz/vyzva-k-podani-nabidky-a-k-prokazani-splneni-kvalifikace-ve-vyberovem-rizeni---rekonstrukce-plynove-kotelny-vcetne-vymeny-kotlu-a-rozvodu---zs-mikolase-alse-558-zlin--podhori_2</msg>
<var>${URL_x}</var>
<arg>${URLsForTC101}[${index}]</arg>
<doc>Returns the given values which can then be assigned to a variables.</doc>
<status status="PASS" start="2025-03-20T23:29:16.010412" elapsed="0.000000"/>
</kw>
<kw name="Set Variable" owner="BuiltIn">
<msg time="2025-03-20T23:29:16.010412" level="INFO">${Button_x} = //body/div[@id='sticky-bar']/nav[1]/ul[1]/li[1]/div[1]/div[1]/div[1]/div[8]</msg>
<var>${Button_x}</var>
<arg>${ButtonsForTC101}[${index}]</arg>
<doc>Returns the given values which can then be assigned to a variables.</doc>
<status status="PASS" start="2025-03-20T23:29:16.010412" elapsed="0.000000"/>
</kw>
<kw name="Wait Until Element Is Visible" owner="SeleniumLibrary">
<arg>${Button_SkolniRok2023/2024}</arg>
<doc>Waits until the element ``locator`` is visible.</doc>
<status status="PASS" start="2025-03-20T23:29:16.010412" elapsed="0.010004"/>
</kw>
<kw name="Mouse Over" owner="SeleniumLibrary">
<msg time="2025-03-20T23:29:16.021414" level="INFO">Simulating Mouse Over on element '//body/div[@id='sticky-bar']/nav[1]/ul[1]/li[1]/a[1]'.</msg>
<arg>${Button_SkolniRok2023/2024}</arg>
<doc>Simulates hovering the mouse over the element ``locator``.</doc>
<status status="PASS" start="2025-03-20T23:29:16.021414" elapsed="0.264870"/>
</kw>
<kw name="Wait Until Element Is Visible" owner="SeleniumLibrary">
<arg>${Button_x}</arg>
<doc>Waits until the element ``locator`` is visible.</doc>
<status status="PASS" start="2025-03-20T23:29:16.286284" elapsed="0.012001"/>
</kw>
<kw name="Click Element" owner="SeleniumLibrary">
<msg time="2025-03-20T23:29:16.299286" level="INFO">Clicking element '//body/div[@id='sticky-bar']/nav[1]/ul[1]/li[1]/div[1]/div[1]/div[1]/div[8]'.</msg>
<arg>${Button_x}</arg>
<doc>Click the element identified by ``locator``.</doc>
<status status="PASS" start="2025-03-20T23:29:16.299286" elapsed="0.253579"/>
</kw>
<kw name="Location Should Be" owner="SeleniumLibrary">
<msg time="2025-03-20T23:29:16.556867" level="FAIL">Location should have been 'https://www.zsmalse.cz/vyzva-k-podani-nabidky-a-k-prokazani-splneni-kvalifikace-ve-vyberovem-rizeni---rekonstrukce-plynove-kotelny-vcetne-vymeny-kotlu-a-rozvodu---zs-mikolase-alse-558-zlin--podhori_2' but was 'https://www.zsmalse.cz/skolni-bulletin-20242025'.</msg>
<arg>${URL_x}</arg>
<doc>Verifies that the current URL is exactly ``url``.</doc>
<status status="FAIL" start="2025-03-20T23:29:16.552865" elapsed="0.007002">Location should have been 'https://www.zsmalse.cz/vyzva-k-podani-nabidky-a-k-prokazani-splneni-kvalifikace-ve-vyberovem-rizeni---rekonstrukce-plynove-kotelny-vcetne-vymeny-kotlu-a-rozvodu---zs-mikolase-alse-558-zlin--podhori_2' but was 'https://www.zsmalse.cz/skolni-bulletin-20242025'.</status>
</kw>
<kw name="Go To" owner="SeleniumLibrary">
<arg>${URL_MainPage_MainURL}</arg>
<doc>Navigates the current browser window to the provided ``url``.</doc>
<status status="NOT RUN" start="2025-03-20T23:29:16.559867" elapsed="0.001001"/>
</kw>
<kw name="Location Should Be" owner="SeleniumLibrary">
<arg>${URL_MainPage_MainURL}</arg>
<doc>Verifies that the current URL is exactly ``url``.</doc>
<status status="NOT RUN" start="2025-03-20T23:29:16.560868" elapsed="0.000000"/>
</kw>
<kw name="Log" owner="BuiltIn">
<arg>Úspěšně ověřena navigace na ${URL_x} a zpět na hlavní stránku.</arg>
<doc>Logs the given message with the given level.</doc>
<status status="NOT RUN" start="2025-03-20T23:29:16.560868" elapsed="0.000000"/>
</kw>
<var name="${index}">7</var>
<status status="FAIL" start="2025-03-20T23:29:16.010412" elapsed="0.550456">Location should have been 'https://www.zsmalse.cz/vyzva-k-podani-nabidky-a-k-prokazani-splneni-kvalifikace-ve-vyberovem-rizeni---rekonstrukce-plynove-kotelny-vcetne-vymeny-kotlu-a-rozvodu---zs-mikolase-alse-558-zlin--podhori_2' but was 'https://www.zsmalse.cz/skolni-bulletin-20242025'.</status>
</iter>
<var>${index}</var>
<value>0</value>
<value>8</value>
<status status="FAIL" start="2025-03-20T23:29:05.795264" elapsed="10.765604">Location should have been 'https://www.zsmalse.cz/vyzva-k-podani-nabidky-a-k-prokazani-splneni-kvalifikace-ve-vyberovem-rizeni---rekonstrukce-plynove-kotelny-vcetne-vymeny-kotlu-a-rozvodu---zs-mikolase-alse-558-zlin--podhori_2' but was 'https://www.zsmalse.cz/skolni-bulletin-20242025'.</status>
</for>
<kw name="Log" owner="BuiltIn">
<arg>Otestování TC_101 proběhlo úspěšně</arg>
<doc>Logs the given message with the given level.</doc>
<status status="NOT RUN" start="2025-03-20T23:29:16.560868" elapsed="0.000000"/>
</kw>
<status status="FAIL" start="2025-03-20T23:29:05.795264" elapsed="10.765604">Location should have been 'https://www.zsmalse.cz/vyzva-k-podani-nabidky-a-k-prokazani-splneni-kvalifikace-ve-vyberovem-rizeni---rekonstrukce-plynove-kotelny-vcetne-vymeny-kotlu-a-rozvodu---zs-mikolase-alse-558-zlin--podhori_2' but was 'https://www.zsmalse.cz/skolni-bulletin-20242025'.</status>
</test>
<test id="s1-s1-t4" name="TC_102 Kontrola menu části Dokumenty" line="55">
<for flavor="IN RANGE">
<iter>
<kw name="Set Variable" owner="BuiltIn">
<msg time="2025-03-20T23:29:16.562867" level="INFO">${URL_x} = https://www.zsmalse.cz/skolni-vzdelavaci-program</msg>
<var>${URL_x}</var>
<arg>${URLsForTC102}[${index}]</arg>
<doc>Returns the given values which can then be assigned to a variables.</doc>
<status status="PASS" start="2025-03-20T23:29:16.561868" elapsed="0.000999"/>
</kw>
<kw name="Set Variable" owner="BuiltIn">
<msg time="2025-03-20T23:29:16.562867" level="INFO">${Button_x} = //body/div[@id='sticky-bar']/nav[1]/ul[1]/li[3]/div[1]/div[1]/div[1]/div[1]</msg>
<var>${Button_x}</var>
<arg>${ButtonsForTC102}[${index}]</arg>
<doc>Returns the given values which can then be assigned to a variables.</doc>
<status status="PASS" start="2025-03-20T23:29:16.562867" elapsed="0.000000"/>
</kw>
<kw name="Wait Until Element Is Visible" owner="SeleniumLibrary">
<arg>${Button_Dokumenty}</arg>
<doc>Waits until the element ``locator`` is visible.</doc>
<status status="PASS" start="2025-03-20T23:29:16.562867" elapsed="0.011880"/>
</kw>
<kw name="Mouse Over" owner="SeleniumLibrary">
<msg time="2025-03-20T23:29:16.575747" level="INFO">Simulating Mouse Over on element '//body/div[@id='sticky-bar']/nav[1]/ul[1]/li[3]/a[1]'.</msg>
<arg>${Button_Dokumenty}</arg>
<doc>Simulates hovering the mouse over the element ``locator``.</doc>
<status status="PASS" start="2025-03-20T23:29:16.574747" elapsed="0.263399"/>
</kw>
<kw name="Wait Until Element Is Visible" owner="SeleniumLibrary">
<arg>${Button_x}</arg>
<doc>Waits until the element ``locator`` is visible.</doc>
<status status="PASS" start="2025-03-20T23:29:16.838146" elapsed="0.012002"/>
</kw>
<kw name="Click Element" owner="SeleniumLibrary">
<msg time="2025-03-20T23:29:16.850148" level="INFO">Clicking element '//body/div[@id='sticky-bar']/nav[1]/ul[1]/li[3]/div[1]/div[1]/div[1]/div[1]'.</msg>
<arg>${Button_x}</arg>
<doc>Click the element identified by ``locator``.</doc>
<status status="PASS" start="2025-03-20T23:29:16.850148" elapsed="0.257058"/>
</kw>
<kw name="Location Should Be" owner="SeleniumLibrary">
<msg time="2025-03-20T23:29:17.109206" level="INFO">Current location is 'https://www.zsmalse.cz/skolni-vzdelavaci-program'.</msg>
<arg>${URL_x}</arg>
<doc>Verifies that the current URL is exactly ``url``.</doc>
<status status="PASS" start="2025-03-20T23:29:17.107206" elapsed="0.002000"/>
</kw>
<kw name="Go To" owner="SeleniumLibrary">
<msg time="2025-03-20T23:29:17.109206" level="INFO">Opening url 'https://www.zsmalse.cz/'</msg>
<arg>${URL_MainPage_MainURL}</arg>
<doc>Navigates the current browser window to the provided ``url``.</doc>
<status status="PASS" start="2025-03-20T23:29:17.109206" elapsed="0.578841"/>
</kw>
<kw name="Location Should Be" owner="SeleniumLibrary">
<msg time="2025-03-20T23:29:17.693048" level="INFO">Current location is 'https://www.zsmalse.cz/'.</msg>
<arg>${URL_MainPage_MainURL}</arg>
<doc>Verifies that the current URL is exactly ``url``.</doc>
<status status="PASS" start="2025-03-20T23:29:17.689047" elapsed="0.004001"/>
</kw>
<kw name="Log" owner="BuiltIn">
<msg time="2025-03-20T23:29:17.694049" level="INFO">Úspěšně ověřena navigace na https://www.zsmalse.cz/skolni-vzdelavaci-program a zpět na hlavní stránku.</msg>
<arg>Úspěšně ověřena navigace na ${URL_x} a zpět na hlavní stránku.</arg>
<doc>Logs the given message with the given level.</doc>
<status status="PASS" start="2025-03-20T23:29:17.694049" elapsed="0.000000"/>
</kw>
<var name="${index}">0</var>
<status status="PASS" start="2025-03-20T23:29:16.561868" elapsed="1.132181"/>
</iter>
<iter>
<kw name="Set Variable" owner="BuiltIn">
<msg time="2025-03-20T23:29:17.694049" level="INFO">${URL_x} = https://www.zsmalse.cz/rady</msg>
<var>${URL_x}</var>
<arg>${URLsForTC102}[${index}]</arg>
<doc>Returns the given values which can then be assigned to a variables.</doc>
<status status="PASS" start="2025-03-20T23:29:17.694049" elapsed="0.000000"/>
</kw>
<kw name="Set Variable" owner="BuiltIn">
<msg time="2025-03-20T23:29:17.694049" level="INFO">${Button_x} = //body/div[@id='sticky-bar']/nav[1]/ul[1]/li[3]/div[1]/div[1]/div[1]/div[2]</msg>
<var>${Button_x}</var>
<arg>${ButtonsForTC102}[${index}]</arg>
<doc>Returns the given values which can then be assigned to a variables.</doc>
<status status="PASS" start="2025-03-20T23:29:17.694049" elapsed="0.000000"/>
</kw>
<kw name="Wait Until Element Is Visible" owner="SeleniumLibrary">
<arg>${Button_Dokumenty}</arg>
<doc>Waits until the element ``locator`` is visible.</doc>
<status status="PASS" start="2025-03-20T23:29:17.695048" elapsed="0.010002"/>
</kw>
<kw name="Mouse Over" owner="SeleniumLibrary">
<msg time="2025-03-20T23:29:17.705050" level="INFO">Simulating Mouse Over on element '//body/div[@id='sticky-bar']/nav[1]/ul[1]/li[3]/a[1]'.</msg>
<arg>${Button_Dokumenty}</arg>
<doc>Simulates hovering the mouse over the element ``locator``.</doc>
<status status="PASS" start="2025-03-20T23:29:17.705050" elapsed="0.270172"/>
</kw>
<kw name="Wait Until Element Is Visible" owner="SeleniumLibrary">
<arg>${Button_x}</arg>
<doc>Waits until the element ``locator`` is visible.</doc>
<status status="PASS" start="2025-03-20T23:29:17.975222" elapsed="0.011003"/>
</kw>
<kw name="Click Element" owner="SeleniumLibrary">
<msg time="2025-03-20T23:29:17.987225" level="INFO">Clicking element '//body/div[@id='sticky-bar']/nav[1]/ul[1]/li[3]/div[1]/div[1]/div[1]/div[2]'.</msg>
<arg>${Button_x}</arg>
<doc>Click the element identified by ``locator``.</doc>
<status status="PASS" start="2025-03-20T23:29:17.987225" elapsed="0.260646"/>
</kw>
<kw name="Location Should Be" owner="SeleniumLibrary">
<msg time="2025-03-20T23:29:18.250871" level="INFO">Current location is 'https://www.zsmalse.cz/rady'.</msg>
<arg>${URL_x}</arg>
<doc>Verifies that the current URL is exactly ``url``.</doc>
<status status="PASS" start="2025-03-20T23:29:18.247871" elapsed="0.003000"/>
</kw>
<kw name="Go To" owner="SeleniumLibrary">
<msg time="2025-03-20T23:29:18.250871" level="INFO">Opening url 'https://www.zsmalse.cz/'</msg>
<arg>${URL_MainPage_MainURL}</arg>
<doc>Navigates the current browser window to the provided ``url``.</doc>
<status status="PASS" start="2025-03-20T23:29:18.250871" elapsed="0.546063"/>
</kw>
<kw name="Location Should Be" owner="SeleniumLibrary">
<msg time="2025-03-20T23:29:18.804936" level="INFO">Current location is 'https://www.zsmalse.cz/'.</msg>
<arg>${URL_MainPage_MainURL}</arg>
<doc>Verifies that the current URL is exactly ``url``.</doc>
<status status="PASS" start="2025-03-20T23:29:18.796934" elapsed="0.008002"/>
</kw>
<kw name="Log" owner="BuiltIn">
<msg time="2025-03-20T23:29:18.805936" level="INFO">Úspěšně ověřena navigace na https://www.zsmalse.cz/rady a zpět na hlavní stránku.</msg>
<arg>Úspěšně ověřena navigace na ${URL_x} a zpět na hlavní stránku.</arg>
<doc>Logs the given message with the given level.</doc>
<status status="PASS" start="2025-03-20T23:29:18.805936" elapsed="0.000000"/>
</kw>
<var name="${index}">1</var>
<status status="PASS" start="2025-03-20T23:29:17.694049" elapsed="1.111887"/>
</iter>
<iter>
<kw name="Set Variable" owner="BuiltIn">
<msg time="2025-03-20T23:29:18.806937" level="INFO">${URL_x} = https://www.zsmalse.cz/formulare</msg>
<var>${URL_x}</var>
<arg>${URLsForTC102}[${index}]</arg>
<doc>Returns the given values which can then be assigned to a variables.</doc>
<status status="PASS" start="2025-03-20T23:29:18.805936" elapsed="0.001001"/>
</kw>
<kw name="Set Variable" owner="BuiltIn">
<msg time="2025-03-20T23:29:18.806937" level="INFO">${Button_x} = //body/div[@id='sticky-bar']/nav[1]/ul[1]/li[3]/div[1]/div[1]/div[1]/div[3]</msg>
<var>${Button_x}</var>
<arg>${ButtonsForTC102}[${index}]</arg>
<doc>Returns the given values which can then be assigned to a variables.</doc>
<status status="PASS" start="2025-03-20T23:29:18.806937" elapsed="0.000000"/>
</kw>
<kw name="Wait Until Element Is Visible" owner="SeleniumLibrary">
<arg>${Button_Dokumenty}</arg>
<doc>Waits until the element ``locator`` is visible.</doc>
<status status="PASS" start="2025-03-20T23:29:18.806937" elapsed="0.011001"/>
</kw>
<kw name="Mouse Over" owner="SeleniumLibrary">
<msg time="2025-03-20T23:29:18.818938" level="INFO">Simulating Mouse Over on element '//body/div[@id='sticky-bar']/nav[1]/ul[1]/li[3]/a[1]'.</msg>
<arg>${Button_Dokumenty}</arg>
<doc>Simulates hovering the mouse over the element ``locator``.</doc>
<status status="PASS" start="2025-03-20T23:29:18.817938" elapsed="0.264544"/>
</kw>
<kw name="Wait Until Element Is Visible" owner="SeleniumLibrary">
<arg>${Button_x}</arg>
<doc>Waits until the element ``locator`` is visible.</doc>
<status status="PASS" start="2025-03-20T23:29:19.082482" elapsed="0.013004"/>
</kw>
<kw name="Click Element" owner="SeleniumLibrary">
<msg time="2025-03-20T23:29:19.095486" level="INFO">Clicking element '//body/div[@id='sticky-bar']/nav[1]/ul[1]/li[3]/div[1]/div[1]/div[1]/div[3]'.</msg>
<arg>${Button_x}</arg>
<doc>Click the element identified by ``locator``.</doc>
<status status="PASS" start="2025-03-20T23:29:19.095486" elapsed="0.291351"/>
</kw>
<kw name="Location Should Be" owner="SeleniumLibrary">
<msg time="2025-03-20T23:29:19.389837" level="INFO">Current location is 'https://www.zsmalse.cz/formulare'.</msg>
<arg>${URL_x}</arg>
<doc>Verifies that the current URL is exactly ``url``.</doc>
<status status="PASS" start="2025-03-20T23:29:19.386837" elapsed="0.003000"/>
</kw>
<kw name="Go To" owner="SeleniumLibrary">
<msg time="2025-03-20T23:29:19.390837" level="INFO">Opening url 'https://www.zsmalse.cz/'</msg>
<arg>${URL_MainPage_MainURL}</arg>
<doc>Navigates the current browser window to the provided ``url``.</doc>
<status status="PASS" start="2025-03-20T23:29:19.390837" elapsed="0.529202"/>
</kw>
<kw name="Location Should Be" owner="SeleniumLibrary">
<msg time="2025-03-20T23:29:19.928039" level="INFO">Current location is 'https://www.zsmalse.cz/'.</msg>
<arg>${URL_MainPage_MainURL}</arg>
<doc>Verifies that the current URL is exactly ``url``.</doc>
<status status="PASS" start="2025-03-20T23:29:19.920039" elapsed="0.008000"/>
</kw>
<kw name="Log" owner="BuiltIn">
<msg time="2025-03-20T23:29:19.928039" level="INFO">Úspěšně ověřena navigace na https://www.zsmalse.cz/formulare a zpět na hlavní stránku.</msg>
<arg>Úspěšně ověřena navigace na ${URL_x} a zpět na hlavní stránku.</arg>
<doc>Logs the given message with the given level.</doc>
<status status="PASS" start="2025-03-20T23:29:19.928039" elapsed="0.000000"/>
</kw>
<var name="${index}">2</var>
<status status="PASS" start="2025-03-20T23:29:18.805936" elapsed="1.122103"/>
</iter>
<iter>
<kw name="Set Variable" owner="BuiltIn">
<msg time="2025-03-20T23:29:19.929039" level="INFO">${URL_x} = https://www.zsmalse.cz/inspekcni-zpravy</msg>
<var>${URL_x}</var>
<arg>${URLsForTC102}[${index}]</arg>
<doc>Returns the given values which can then be assigned to a variables.</doc>
<status status="PASS" start="2025-03-20T23:29:19.928039" elapsed="0.001000"/>
</kw>
<kw name="Set Variable" owner="BuiltIn">
<msg time="2025-03-20T23:29:19.929039" level="INFO">${Button_x} = //body/div[@id='sticky-bar']/nav[1]/ul[1]/li[3]/div[1]/div[1]/div[1]/div[4]</msg>
<var>${Button_x}</var>
<arg>${ButtonsForTC102}[${index}]</arg>
<doc>Returns the given values which can then be assigned to a variables.</doc>
<status status="PASS" start="2025-03-20T23:29:19.929039" elapsed="0.000000"/>
</kw>
<kw name="Wait Until Element Is Visible" owner="SeleniumLibrary">
<arg>${Button_Dokumenty}</arg>
<doc>Waits until the element ``locator`` is visible.</doc>
<status status="PASS" start="2025-03-20T23:29:19.929039" elapsed="0.010003"/>
</kw>
<kw name="Mouse Over" owner="SeleniumLibrary">
<msg time="2025-03-20T23:29:19.940041" level="INFO">Simulating Mouse Over on element '//body/div[@id='sticky-bar']/nav[1]/ul[1]/li[3]/a[1]'.</msg>
<arg>${Button_Dokumenty}</arg>
<doc>Simulates hovering the mouse over the element ``locator``.</doc>
<status status="PASS" start="2025-03-20T23:29:19.939042" elapsed="0.277832"/>
</kw>
<kw name="Wait Until Element Is Visible" owner="SeleniumLibrary">
<arg>${Button_x}</arg>
<doc>Waits until the element ``locator`` is visible.</doc>
<status status="PASS" start="2025-03-20T23:29:20.216874" elapsed="0.012001"/>
</kw>
<kw name="Click Element" owner="SeleniumLibrary">
<msg time="2025-03-20T23:29:20.228875" level="INFO">Clicking element '//body/div[@id='sticky-bar']/nav[1]/ul[1]/li[3]/div[1]/div[1]/div[1]/div[4]'.</msg>
<arg>${Button_x}</arg>
<doc>Click the element identified by ``locator``.</doc>
<status status="PASS" start="2025-03-20T23:29:20.228875" elapsed="0.290342"/>
</kw>
<kw name="Location Should Be" owner="SeleniumLibrary">
<msg time="2025-03-20T23:29:20.521218" level="INFO">Current location is 'https://www.zsmalse.cz/inspekcni-zpravy'.</msg>
<arg>${URL_x}</arg>
<doc>Verifies that the current URL is exactly ``url``.</doc>
<status status="PASS" start="2025-03-20T23:29:20.519217" elapsed="0.002001"/>
</kw>
<kw name="Go To" owner="SeleniumLibrary">
<msg time="2025-03-20T23:29:20.522218" level="INFO">Opening url 'https://www.zsmalse.cz/'</msg>
<arg>${URL_MainPage_MainURL}</arg>
<doc>Navigates the current browser window to the provided ``url``.</doc>
<status status="PASS" start="2025-03-20T23:29:20.521218" elapsed="0.565039"/>
</kw>
<kw name="Location Should Be" owner="SeleniumLibrary">
<msg time="2025-03-20T23:29:21.097261" level="INFO">Current location is 'https://www.zsmalse.cz/'.</msg>
<arg>${URL_MainPage_MainURL}</arg>
<doc>Verifies that the current URL is exactly ``url``.</doc>
<status status="PASS" start="2025-03-20T23:29:21.086257" elapsed="0.011004"/>
</kw>
<kw name="Log" owner="BuiltIn">
<msg time="2025-03-20T23:29:21.098259" level="INFO">Úspěšně ověřena navigace na https://www.zsmalse.cz/inspekcni-zpravy a zpět na hlavní stránku.</msg>
<arg>Úspěšně ověřena navigace na ${URL_x} a zpět na hlavní stránku.</arg>
<doc>Logs the given message with the given level.</doc>
<status status="PASS" start="2025-03-20T23:29:21.097261" elapsed="0.000998"/>
</kw>
<var name="${index}">3</var>
<status status="PASS" start="2025-03-20T23:29:19.928039" elapsed="1.170220"/>
</iter>
<iter>
<kw name="Set Variable" owner="BuiltIn">
<msg time="2025-03-20T23:29:21.098259" level="INFO">${URL_x} = https://www.zsmalse.cz/vyrocni-zpravy</msg>
<var>${URL_x}</var>
<arg>${URLsForTC102}[${index}]</arg>
<doc>Returns the given values which can then be assigned to a variables.</doc>
<status status="PASS" start="2025-03-20T23:29:21.098259" elapsed="0.000000"/>
</kw>
<kw name="Set Variable" owner="BuiltIn">
<msg time="2025-03-20T23:29:21.098259" level="INFO">${Button_x} = //body/div[@id='sticky-bar']/nav[1]/ul[1]/li[3]/div[1]/div[1]/div[1]/div[5]</msg>
<var>${Button_x}</var>
<arg>${ButtonsForTC102}[${index}]</arg>
<doc>Returns the given values which can then be assigned to a variables.</doc>
<status status="PASS" start="2025-03-20T23:29:21.098259" elapsed="0.000000"/>
</kw>
<kw name="Wait Until Element Is Visible" owner="SeleniumLibrary">
<arg>${Button_Dokumenty}</arg>
<doc>Waits until the element ``locator`` is visible.</doc>
<status status="PASS" start="2025-03-20T23:29:21.098259" elapsed="0.014004"/>
</kw>
<kw name="Mouse Over" owner="SeleniumLibrary">
<msg time="2025-03-20T23:29:21.113263" level="INFO">Simulating Mouse Over on element '//body/div[@id='sticky-bar']/nav[1]/ul[1]/li[3]/a[1]'.</msg>
<arg>${Button_Dokumenty}</arg>
<doc>Simulates hovering the mouse over the element ``locator``.</doc>
<status status="PASS" start="2025-03-20T23:29:21.113263" elapsed="0.265826"/>
</kw>
<kw name="Wait Until Element Is Visible" owner="SeleniumLibrary">
<arg>${Button_x}</arg>
<doc>Waits until the element ``locator`` is visible.</doc>
<status status="PASS" start="2025-03-20T23:29:21.379089" elapsed="0.012002"/>
</kw>
<kw name="Click Element" owner="SeleniumLibrary">
<msg time="2025-03-20T23:29:21.392092" level="INFO">Clicking element '//body/div[@id='sticky-bar']/nav[1]/ul[1]/li[3]/div[1]/div[1]/div[1]/div[5]'.</msg>
<arg>${Button_x}</arg>
<doc>Click the element identified by ``locator``.</doc>
<status status="PASS" start="2025-03-20T23:29:21.391091" elapsed="0.253151"/>
</kw>
<kw name="Location Should Be" owner="SeleniumLibrary">
<msg time="2025-03-20T23:29:21.648244" level="INFO">Current location is 'https://www.zsmalse.cz/vyrocni-zpravy'.</msg>
<arg>${URL_x}</arg>
<doc>Verifies that the current URL is exactly ``url``.</doc>
<status status="PASS" start="2025-03-20T23:29:21.645243" elapsed="0.003001"/>
</kw>
<kw name="Go To" owner="SeleniumLibrary">
<msg time="2025-03-20T23:29:21.648244" level="INFO">Opening url 'https://www.zsmalse.cz/'</msg>
<arg>${URL_MainPage_MainURL}</arg>
<doc>Navigates the current browser window to the provided ``url``.</doc>
<status status="PASS" start="2025-03-20T23:29:21.648244" elapsed="0.560028"/>
</kw>
<kw name="Location Should Be" owner="SeleniumLibrary">
<msg time="2025-03-20T23:29:22.212274" level="INFO">Current location is 'https://www.zsmalse.cz/'.</msg>
<arg>${URL_MainPage_MainURL}</arg>
<doc>Verifies that the current URL is exactly ``url``.</doc>
<status status="PASS" start="2025-03-20T23:29:22.208272" elapsed="0.004002"/>
</kw>
<kw name="Log" owner="BuiltIn">
<msg time="2025-03-20T23:29:22.212274" level="INFO">Úspěšně ověřena navigace na https://www.zsmalse.cz/vyrocni-zpravy a zpět na hlavní stránku.</msg>
<arg>Úspěšně ověřena navigace na ${URL_x} a zpět na hlavní stránku.</arg>
<doc>Logs the given message with the given level.</doc>
<status status="PASS" start="2025-03-20T23:29:22.212274" elapsed="0.000000"/>
</kw>
<var name="${index}">4</var>
<status status="PASS" start="2025-03-20T23:29:21.098259" elapsed="1.114015"/>
</iter>
<iter>
<kw name="Set Variable" owner="BuiltIn">
<msg time="2025-03-20T23:29:22.213274" level="INFO">${URL_x} = https://www.zsmalse.cz/vyrocni-zpravy-o-povinnem-zverejnovani-informaci</msg>
<var>${URL_x}</var>
<arg>${URLsForTC102}[${index}]</arg>
<doc>Returns the given values which can then be assigned to a variables.</doc>
<status status="PASS" start="2025-03-20T23:29:22.212274" elapsed="0.001000"/>
</kw>
<kw name="Set Variable" owner="BuiltIn">
<msg time="2025-03-20T23:29:22.213274" level="INFO">${Button_x} = //body/div[@id='sticky-bar']/nav[1]/ul[1]/li[3]/div[1]/div[1]/div[1]/div[6]</msg>
<var>${Button_x}</var>
<arg>${ButtonsForTC102}[${index}]</arg>
<doc>Returns the given values which can then be assigned to a variables.</doc>
<status status="PASS" start="2025-03-20T23:29:22.213274" elapsed="0.000000"/>
</kw>
<kw name="Wait Until Element Is Visible" owner="SeleniumLibrary">
<arg>${Button_Dokumenty}</arg>
<doc>Waits until the element ``locator`` is visible.</doc>
<status status="PASS" start="2025-03-20T23:29:22.213274" elapsed="0.010002"/>
</kw>
<kw name="Mouse Over" owner="SeleniumLibrary">
<msg time="2025-03-20T23:29:22.223276" level="INFO">Simulating Mouse Over on element '//body/div[@id='sticky-bar']/nav[1]/ul[1]/li[3]/a[1]'.</msg>
<arg>${Button_Dokumenty}</arg>
<doc>Simulates hovering the mouse over the element ``locator``.</doc>
<status status="PASS" start="2025-03-20T23:29:22.223276" elapsed="0.272188"/>
</kw>
<kw name="Wait Until Element Is Visible" owner="SeleniumLibrary">
<arg>${Button_x}</arg>
<doc>Waits until the element ``locator`` is visible.</doc>
<status status="PASS" start="2025-03-20T23:29:22.495464" elapsed="0.012347"/>
</kw>
<kw name="Click Element" owner="SeleniumLibrary">
<msg time="2025-03-20T23:29:22.507811" level="INFO">Clicking element '//body/div[@id='sticky-bar']/nav[1]/ul[1]/li[3]/div[1]/div[1]/div[1]/div[6]'.</msg>
<arg>${Button_x}</arg>
<doc>Click the element identified by ``locator``.</doc>
<status status="PASS" start="2025-03-20T23:29:22.507811" elapsed="0.309701"/>
</kw>
<kw name="Location Should Be" owner="SeleniumLibrary">
<msg time="2025-03-20T23:29:22.819513" level="INFO">Current location is 'https://www.zsmalse.cz/vyrocni-zpravy-o-povinnem-zverejnovani-informaci'.</msg>
<arg>${URL_x}</arg>
<doc>Verifies that the current URL is exactly ``url``.</doc>
<status status="PASS" start="2025-03-20T23:29:22.817512" elapsed="0.002001"/>
</kw>
<kw name="Go To" owner="SeleniumLibrary">
<msg time="2025-03-20T23:29:22.820514" level="INFO">Opening url 'https://www.zsmalse.cz/'</msg>
<arg>${URL_MainPage_MainURL}</arg>
<doc>Navigates the current browser window to the provided ``url``.</doc>
<status status="PASS" start="2025-03-20T23:29:22.820514" elapsed="0.549882"/>
</kw>
<kw name="Location Should Be" owner="SeleniumLibrary">
<msg time="2025-03-20T23:29:23.373397" level="INFO">Current location is 'https://www.zsmalse.cz/'.</msg>
<arg>${URL_MainPage_MainURL}</arg>
<doc>Verifies that the current URL is exactly ``url``.</doc>
<status status="PASS" start="2025-03-20T23:29:23.370396" elapsed="0.003001"/>
</kw>
<kw name="Log" owner="BuiltIn">
[...]
</kw>
<kw name="Get Size Of Img" owner="Keywords">
<kw name="Get Element Size" owner="SeleniumLibrary">
<msg time="2025-03-20T23:30:56.570101" level="INFO">${size} = (267, 206)</msg>
<var>${size}</var>
<arg>${locator}</arg>
<doc>Returns width and height of the element identified by ``locator``.</doc>
<status status="PASS" start="2025-03-20T23:30:56.551098" elapsed="0.019003"/>
</kw>
<return>
<value>${size}</value>
<status status="PASS" start="2025-03-20T23:30:56.570101" elapsed="0.000000"/>
</return>
<msg time="2025-03-20T23:30:56.570101" level="INFO">${reduced_size} = (267, 206)</msg>
<var>${reduced_size}</var>
<arg>${Img_Novinky3}</arg>
<status status="PASS" start="2025-03-20T23:30:56.551098" elapsed="0.019003"/>
</kw>
<kw name="Should Be True" owner="BuiltIn">
<arg>${reduced_size[0]} &lt; ${original_size[0]} and ${reduced_size[1]} &lt; ${original_size[1]}</arg>
<doc>Fails if the given condition is not true.</doc>
<status status="PASS" start="2025-03-20T23:30:56.570101" elapsed="0.004000"/>
</kw>
<kw name="Log" owner="BuiltIn">
<msg time="2025-03-20T23:30:56.575102" level="INFO">Originální velikost: (310, 240), Zmenšená velikost: (267, 206)</msg>
<arg>Originální velikost: ${original_size}, Zmenšená velikost: ${reduced_size}</arg>
<doc>Logs the given message with the given level.</doc>
<status status="PASS" start="2025-03-20T23:30:56.575102" elapsed="0.000000"/>
</kw>
<kw name="Log" owner="BuiltIn">
<msg time="2025-03-20T23:30:56.576101" level="INFO">Otestování TC_400 proběhlo úspěšně, obrázek se zmenší</msg>
<arg>Otestování TC_400 proběhlo úspěšně, obrázek se zmenší</arg>
<doc>Logs the given message with the given level.</doc>
<status status="PASS" start="2025-03-20T23:30:56.575102" elapsed="0.000999"/>
</kw>
<status status="PASS" start="2025-03-20T23:30:56.478080" elapsed="0.098021"/>
</test>
<test id="s1-s4-t3" name="TC_401 Kontrola počtu obrázků při zmenšení stránky" line="29">
<kw name="Change Window Size" owner="Keywords">
<kw name="Set Window Size" owner="SeleniumLibrary">
<arg>${width}</arg>
<arg>${height}</arg>
<doc>Sets current windows size to given ``width`` and ``height``.</doc>
<status status="PASS" start="2025-03-20T23:30:56.577102" elapsed="0.003000"/>
</kw>
<arg>1200</arg>
<arg>800</arg>
<status status="PASS" start="2025-03-20T23:30:56.577102" elapsed="0.003000"/>
</kw>
<kw name="Get Element Count" owner="SeleniumLibrary">
<msg time="2025-03-20T23:30:56.591106" level="INFO">${img_count} = 23</msg>
<var>${img_count}</var>
<arg>css:img</arg>
<doc>Returns the number of elements matching ``locator``.</doc>
<status status="PASS" start="2025-03-20T23:30:56.581103" elapsed="0.010003"/>
</kw>
<kw name="Should Be True" owner="BuiltIn">
<arg>${img_count} == 23</arg>
<doc>Fails if the given condition is not true.</doc>
<status status="PASS" start="2025-03-20T23:30:56.591106" elapsed="0.000999"/>
</kw>
<kw name="Log" owner="BuiltIn">
<msg time="2025-03-20T23:30:56.592105" level="INFO">Počet obrázků na zmenšené stránce je: 23</msg>
<arg>Počet obrázků na zmenšené stránce je: ${img_count}</arg>
<doc>Logs the given message with the given level.</doc>
<status status="PASS" start="2025-03-20T23:30:56.592105" elapsed="0.000000"/>
</kw>
<kw name="Log" owner="BuiltIn">
<msg time="2025-03-20T23:30:56.592105" level="INFO">Otestování TC_401 proběhlo úspěšně, počet obrázků je roven 23</msg>
<arg>Otestování TC_401 proběhlo úspěšně, počet obrázků je roven 23</arg>
<doc>Logs the given message with the given level.</doc>
<status status="PASS" start="2025-03-20T23:30:56.592105" elapsed="0.001000"/>
</kw>
<status status="PASS" start="2025-03-20T23:30:56.576101" elapsed="0.017004"/>
</test>
<test id="s1-s4-t4" name="TC_402 Zobrazení tlačítka menu při zmenšení stránky" line="37">
<kw name="Maximize Browser Window" owner="SeleniumLibrary">
<doc>Maximizes current browser window.</doc>
<status status="PASS" start="2025-03-20T23:30:56.594105" elapsed="0.037010"/>
</kw>
<kw name="Element Should Not Be Visible" owner="SeleniumLibrary">
<msg time="2025-03-20T23:30:56.645118" level="INFO">Element '//button[@id='mobile-menu--open']' exists but is not displayed.</msg>
<arg>${Button_MobilMenu}</arg>
<doc>Verifies that the element identified by ``locator`` is NOT visible.</doc>
<status status="PASS" start="2025-03-20T23:30:56.631115" elapsed="0.014003"/>
</kw>
<kw name="Change Window Size" owner="Keywords">
<kw name="Set Window Size" owner="SeleniumLibrary">
<arg>${width}</arg>
<arg>${height}</arg>
<doc>Sets current windows size to given ``width`` and ``height``.</doc>
<status status="PASS" start="2025-03-20T23:30:56.645118" elapsed="0.010002"/>
</kw>
<arg>1200</arg>
<arg>800</arg>
<status status="PASS" start="2025-03-20T23:30:56.645118" elapsed="0.010002"/>
</kw>
<kw name="Wait Until Element Is Visible" owner="SeleniumLibrary">
<arg>${Button_MobilMenu}</arg>
<doc>Waits until the element ``locator`` is visible.</doc>
<status status="PASS" start="2025-03-20T23:30:56.656120" elapsed="0.011004"/>
</kw>
<kw name="Log" owner="BuiltIn">
<msg time="2025-03-20T23:30:56.667124" level="INFO">Otestování TC_402 proběhlo úspěšně, mobilní menu se zobrazí při zmenšení stránky</msg>
<arg>Otestování TC_402 proběhlo úspěšně, mobilní menu se zobrazí při zmenšení stránky</arg>
<doc>Logs the given message with the given level.</doc>
<status status="PASS" start="2025-03-20T23:30:56.667124" elapsed="0.000000"/>
</kw>
<status status="PASS" start="2025-03-20T23:30:56.593105" elapsed="0.075019"/>
</test>
<test id="s1-s4-t5" name="TC_403 Kontrola tlačítek v mobilním menu" line="44">
<kw name="Change Window Size" owner="Keywords">
<kw name="Set Window Size" owner="SeleniumLibrary">
<arg>${width}</arg>
<arg>${height}</arg>
<doc>Sets current windows size to given ``width`` and ``height``.</doc>
<status status="PASS" start="2025-03-20T23:30:56.669123" elapsed="0.002000"/>
</kw>
<arg>1200</arg>
<arg>800</arg>
<status status="PASS" start="2025-03-20T23:30:56.669123" elapsed="0.002000"/>
</kw>
<kw name="Wait Until Element Is Visible" owner="SeleniumLibrary">
<arg>${Button_MobilMenu}</arg>
<doc>Waits until the element ``locator`` is visible.</doc>
<status status="PASS" start="2025-03-20T23:30:56.672124" elapsed="0.015005"/>
</kw>
<kw name="Click Element" owner="SeleniumLibrary">
<msg time="2025-03-20T23:30:56.687129" level="INFO">Clicking element '//button[@id='mobile-menu--open']'.</msg>
<arg>${Button_MobilMenu}</arg>
<doc>Click the element identified by ``locator``.</doc>
<status status="PASS" start="2025-03-20T23:30:56.687129" elapsed="0.048010"/>
</kw>
<for flavor="IN RANGE">
<iter>
<kw name="Set Variable" owner="BuiltIn">
<msg time="2025-03-20T23:30:56.736139" level="INFO">${Button_x} = //body/div[@id='mobile-menu']/div[2]/nav[1]/ul[1]/li[1]</msg>
<var>${Button_x}</var>
<arg>${ButtonsForTC403}[${index}]</arg>
<doc>Returns the given values which can then be assigned to a variables.</doc>
<status status="PASS" start="2025-03-20T23:30:56.735139" elapsed="0.001000"/>
</kw>
<kw name="Wait Until Element Is Visible" owner="SeleniumLibrary">
<arg>${Button_x}</arg>
<doc>Waits until the element ``locator`` is visible.</doc>
<status status="PASS" start="2025-03-20T23:30:56.736139" elapsed="0.227060"/>
</kw>
<kw name="Log" owner="BuiltIn">
<msg time="2025-03-20T23:30:56.964198" level="INFO">Úspěšné zobrazení tlačítka //body/div[@id='mobile-menu']/div[2]/nav[1]/ul[1]/li[1] v menu.</msg>
<arg>Úspěšné zobrazení tlačítka ${Button_x} v menu.</arg>
<doc>Logs the given message with the given level.</doc>
<status status="PASS" start="2025-03-20T23:30:56.963199" elapsed="0.000999"/>
</kw>
<var name="${index}">0</var>
<status status="PASS" start="2025-03-20T23:30:56.735139" elapsed="0.229059"/>
</iter>
<iter>
<kw name="Set Variable" owner="BuiltIn">
<msg time="2025-03-20T23:30:56.964198" level="INFO">${Button_x} = //body/div[@id='mobile-menu']/div[2]/nav[1]/ul[1]/li[2]</msg>
<var>${Button_x}</var>
<arg>${ButtonsForTC403}[${index}]</arg>
<doc>Returns the given values which can then be assigned to a variables.</doc>
<status status="PASS" start="2025-03-20T23:30:56.964198" elapsed="0.000000"/>
</kw>
<kw name="Wait Until Element Is Visible" owner="SeleniumLibrary">
<arg>${Button_x}</arg>
<doc>Waits until the element ``locator`` is visible.</doc>
<status status="PASS" start="2025-03-20T23:30:56.964198" elapsed="0.013005"/>
</kw>
<kw name="Log" owner="BuiltIn">
<msg time="2025-03-20T23:30:56.977203" level="INFO">Úspěšné zobrazení tlačítka //body/div[@id='mobile-menu']/div[2]/nav[1]/ul[1]/li[2] v menu.</msg>
<arg>Úspěšné zobrazení tlačítka ${Button_x} v menu.</arg>
<doc>Logs the given message with the given level.</doc>
<status status="PASS" start="2025-03-20T23:30:56.977203" elapsed="0.000000"/>
</kw>
<var name="${index}">1</var>
<status status="PASS" start="2025-03-20T23:30:56.964198" elapsed="0.013005"/>
</iter>
<iter>
<kw name="Set Variable" owner="BuiltIn">
<msg time="2025-03-20T23:30:56.977203" level="INFO">${Button_x} = //body/div[@id='mobile-menu']/div[2]/nav[1]/ul[1]/li[3]</msg>
<var>${Button_x}</var>
<arg>${ButtonsForTC403}[${index}]</arg>
<doc>Returns the given values which can then be assigned to a variables.</doc>
<status status="PASS" start="2025-03-20T23:30:56.977203" elapsed="0.000000"/>
</kw>
<kw name="Wait Until Element Is Visible" owner="SeleniumLibrary">
<arg>${Button_x}</arg>
<doc>Waits until the element ``locator`` is visible.</doc>
<status status="PASS" start="2025-03-20T23:30:56.978202" elapsed="0.012003"/>
</kw>
<kw name="Log" owner="BuiltIn">
<msg time="2025-03-20T23:30:56.990205" level="INFO">Úspěšné zobrazení tlačítka //body/div[@id='mobile-menu']/div[2]/nav[1]/ul[1]/li[3] v menu.</msg>
<arg>Úspěšné zobrazení tlačítka ${Button_x} v menu.</arg>
<doc>Logs the given message with the given level.</doc>
<status status="PASS" start="2025-03-20T23:30:56.990205" elapsed="0.000000"/>
</kw>
<var name="${index}">2</var>
<status status="PASS" start="2025-03-20T23:30:56.977203" elapsed="0.013002"/>
</iter>
<iter>
<kw name="Set Variable" owner="BuiltIn">
<msg time="2025-03-20T23:30:56.991205" level="INFO">${Button_x} = //body/div[@id='mobile-menu']/div[2]/nav[1]/ul[1]/li[4]</msg>
<var>${Button_x}</var>
<arg>${ButtonsForTC403}[${index}]</arg>
<doc>Returns the given values which can then be assigned to a variables.</doc>
<status status="PASS" start="2025-03-20T23:30:56.990205" elapsed="0.001000"/>
</kw>
<kw name="Wait Until Element Is Visible" owner="SeleniumLibrary">
<arg>${Button_x}</arg>
<doc>Waits until the element ``locator`` is visible.</doc>
<status status="PASS" start="2025-03-20T23:30:56.991205" elapsed="0.012003"/>
</kw>
<kw name="Log" owner="BuiltIn">
<msg time="2025-03-20T23:30:57.003208" level="INFO">Úspěšné zobrazení tlačítka //body/div[@id='mobile-menu']/div[2]/nav[1]/ul[1]/li[4] v menu.</msg>
<arg>Úspěšné zobrazení tlačítka ${Button_x} v menu.</arg>
<doc>Logs the given message with the given level.</doc>
<status status="PASS" start="2025-03-20T23:30:57.003208" elapsed="0.000000"/>
</kw>
<var name="${index}">3</var>
<status status="PASS" start="2025-03-20T23:30:56.990205" elapsed="0.013003"/>
</iter>
<iter>
<kw name="Set Variable" owner="BuiltIn">
<msg time="2025-03-20T23:30:57.004207" level="INFO">${Button_x} = //body/div[@id='mobile-menu']/div[2]/nav[1]/ul[1]/li[5]</msg>
<var>${Button_x}</var>
<arg>${ButtonsForTC403}[${index}]</arg>
<doc>Returns the given values which can then be assigned to a variables.</doc>
<status status="PASS" start="2025-03-20T23:30:57.003208" elapsed="0.000999"/>
</kw>
<kw name="Wait Until Element Is Visible" owner="SeleniumLibrary">
<arg>${Button_x}</arg>
<doc>Waits until the element ``locator`` is visible.</doc>
<status status="PASS" start="2025-03-20T23:30:57.004207" elapsed="0.011004"/>
</kw>
<kw name="Log" owner="BuiltIn">
<msg time="2025-03-20T23:30:57.016211" level="INFO">Úspěšné zobrazení tlačítka //body/div[@id='mobile-menu']/div[2]/nav[1]/ul[1]/li[5] v menu.</msg>
<arg>Úspěšné zobrazení tlačítka ${Button_x} v menu.</arg>
<doc>Logs the given message with the given level.</doc>
<status status="PASS" start="2025-03-20T23:30:57.015211" elapsed="0.001000"/>
</kw>
<var name="${index}">4</var>
<status status="PASS" start="2025-03-20T23:30:57.003208" elapsed="0.013003"/>
</iter>
<iter>
<kw name="Set Variable" owner="BuiltIn">
<msg time="2025-03-20T23:30:57.016211" level="INFO">${Button_x} = //body/div[@id='mobile-menu']/div[2]/nav[1]/ul[1]/li[6]</msg>
<var>${Button_x}</var>
<arg>${ButtonsForTC403}[${index}]</arg>
<doc>Returns the given values which can then be assigned to a variables.</doc>
<status status="PASS" start="2025-03-20T23:30:57.016211" elapsed="0.000000"/>
</kw>
<kw name="Wait Until Element Is Visible" owner="SeleniumLibrary">
<arg>${Button_x}</arg>
<doc>Waits until the element ``locator`` is visible.</doc>
<status status="PASS" start="2025-03-20T23:30:57.016211" elapsed="0.011001"/>
</kw>
<kw name="Log" owner="BuiltIn">
<msg time="2025-03-20T23:30:57.028214" level="INFO">Úspěšné zobrazení tlačítka //body/div[@id='mobile-menu']/div[2]/nav[1]/ul[1]/li[6] v menu.</msg>
<arg>Úspěšné zobrazení tlačítka ${Button_x} v menu.</arg>
<doc>Logs the given message with the given level.</doc>
<status status="PASS" start="2025-03-20T23:30:57.028214" elapsed="0.000000"/>
</kw>
<var name="${index}">5</var>
<status status="PASS" start="2025-03-20T23:30:57.016211" elapsed="0.012003"/>
</iter>
<iter>
<kw name="Set Variable" owner="BuiltIn">
<msg time="2025-03-20T23:30:57.028214" level="INFO">${Button_x} = //body/div[@id='mobile-menu']/div[2]/nav[1]/ul[1]/li[7]</msg>
<var>${Button_x}</var>
<arg>${ButtonsForTC403}[${index}]</arg>
<doc>Returns the given values which can then be assigned to a variables.</doc>
<status status="PASS" start="2025-03-20T23:30:57.028214" elapsed="0.000000"/>
</kw>
<kw name="Wait Until Element Is Visible" owner="SeleniumLibrary">
<arg>${Button_x}</arg>
<doc>Waits until the element ``locator`` is visible.</doc>
<status status="PASS" start="2025-03-20T23:30:57.028214" elapsed="0.013003"/>
</kw>
<kw name="Log" owner="BuiltIn">
<msg time="2025-03-20T23:30:57.041217" level="INFO">Úspěšné zobrazení tlačítka //body/div[@id='mobile-menu']/div[2]/nav[1]/ul[1]/li[7] v menu.</msg>
<arg>Úspěšné zobrazení tlačítka ${Button_x} v menu.</arg>
<doc>Logs the given message with the given level.</doc>
<status status="PASS" start="2025-03-20T23:30:57.041217" elapsed="0.000000"/>
</kw>
<var name="${index}">6</var>
<status status="PASS" start="2025-03-20T23:30:57.028214" elapsed="0.013003"/>
</iter>
<iter>
<kw name="Set Variable" owner="BuiltIn">
<msg time="2025-03-20T23:30:57.041217" level="INFO">${Button_x} = //body/div[@id='mobile-menu']/div[2]/nav[1]/ul[1]/li[8]</msg>
<var>${Button_x}</var>
<arg>${ButtonsForTC403}[${index}]</arg>
<doc>Returns the given values which can then be assigned to a variables.</doc>
<status status="PASS" start="2025-03-20T23:30:57.041217" elapsed="0.000000"/>
</kw>
<kw name="Wait Until Element Is Visible" owner="SeleniumLibrary">
<arg>${Button_x}</arg>
<doc>Waits until the element ``locator`` is visible.</doc>
<status status="PASS" start="2025-03-20T23:30:57.041217" elapsed="0.012003"/>
</kw>
<kw name="Log" owner="BuiltIn">
<msg time="2025-03-20T23:30:57.054219" level="INFO">Úspěšné zobrazení tlačítka //body/div[@id='mobile-menu']/div[2]/nav[1]/ul[1]/li[8] v menu.</msg>
<arg>Úspěšné zobrazení tlačítka ${Button_x} v menu.</arg>
<doc>Logs the given message with the given level.</doc>
<status status="PASS" start="2025-03-20T23:30:57.053220" elapsed="0.000999"/>
</kw>
<var name="${index}">7</var>
<status status="PASS" start="2025-03-20T23:30:57.041217" elapsed="0.013002"/>
</iter>
<iter>
<kw name="Set Variable" owner="BuiltIn">
<msg time="2025-03-20T23:30:57.054219" level="INFO">${Button_x} = //body/div[@id='mobile-menu']/div[2]/nav[1]/ul[1]/li[9]</msg>
<var>${Button_x}</var>
<arg>${ButtonsForTC403}[${index}]</arg>
<doc>Returns the given values which can then be assigned to a variables.</doc>
<status status="PASS" start="2025-03-20T23:30:57.054219" elapsed="0.000000"/>
</kw>
<kw name="Wait Until Element Is Visible" owner="SeleniumLibrary">
<arg>${Button_x}</arg>
<doc>Waits until the element ``locator`` is visible.</doc>
<status status="PASS" start="2025-03-20T23:30:57.054219" elapsed="0.013003"/>
</kw>
<kw name="Log" owner="BuiltIn">
<msg time="2025-03-20T23:30:57.067222" level="INFO">Úspěšné zobrazení tlačítka //body/div[@id='mobile-menu']/div[2]/nav[1]/ul[1]/li[9] v menu.</msg>
<arg>Úspěšné zobrazení tlačítka ${Button_x} v menu.</arg>
<doc>Logs the given message with the given level.</doc>
<status status="PASS" start="2025-03-20T23:30:57.067222" elapsed="0.000000"/>
</kw>
<var name="${index}">8</var>
<status status="PASS" start="2025-03-20T23:30:57.054219" elapsed="0.013003"/>
</iter>
<var>${index}</var>
<value>0</value>
<value>9</value>
<status status="PASS" start="2025-03-20T23:30:56.735139" elapsed="0.332083"/>
</for>
<kw name="Log" owner="BuiltIn">
<msg time="2025-03-20T23:30:57.068222" level="INFO">Otestování TC_403 proběhlo úspěšně, tlačítka v menu se zobrazují</msg>
<arg>Otestování TC_403 proběhlo úspěšně, tlačítka v menu se zobrazují</arg>
<doc>Logs the given message with the given level.</doc>
<status status="PASS" start="2025-03-20T23:30:57.068222" elapsed="0.000000"/>
</kw>
<status status="PASS" start="2025-03-20T23:30:56.668124" elapsed="0.400098"/>
</test>
<test id="s1-s4-t6" name="Post-conditions" line="56">
<kw name="Close Browser" owner="SeleniumLibrary">
<doc>Closes the current browser.</doc>
<status status="PASS" start="2025-03-20T23:30:57.069222" elapsed="2.119018"/>
</kw>
<kw name="Log" owner="BuiltIn">
<msg time="2025-03-20T23:30:59.188240" level="INFO">Všechny testy v layoutu proběhly</msg>
<arg>Všechny testy v layoutu proběhly</arg>
<doc>Logs the given message with the given level.</doc>
<status status="PASS" start="2025-03-20T23:30:59.188240" elapsed="0.000000"/>
</kw>
<status status="PASS" start="2025-03-20T23:30:57.068222" elapsed="2.121018"/>
</test>
<status status="PASS" start="2025-03-20T23:30:52.756250" elapsed="6.432990"/>
</suite>
<status status="FAIL" start="2025-03-20T23:28:52.125876" elapsed="127.064365"/>
</suite>
<statistics>
<total>
<stat pass="40" fail="10" skip="0">All Tests</stat>
</total>
<tag>
</tag>
<suite>
<stat pass="40" fail="10" skip="0" id="s1" name="AP4TS Projekt">AP4TS Projekt</stat>
<stat pass="8" fail="5" skip="0" id="s1-s1" name="TS001 Menu">AP4TS Projekt.TS001 Menu</stat>
<stat pass="11" fail="0" skip="0" id="s1-s2" name="TS002 HlavniStranka">AP4TS Projekt.TS002 HlavniStranka</stat>
<stat pass="15" fail="5" skip="0" id="s1-s3" name="TS003 Paticka">AP4TS Projekt.TS003 Paticka</stat>
<stat pass="6" fail="0" skip="0" id="s1-s4" name="TS004 Layout">AP4TS Projekt.TS004 Layout</stat>
</suite>
</statistics>
<errors>
<msg time="2025-03-20T23:28:52.044857" level="WARN">Error in file 'C:\Users\skill\OneDrive\Plocha\SCHOOL\MartinBobál_www-zsmalse-cz_08-05-24\Všechny .robot skripty\AP4TS_Projekt\ObjectRepository\Keywords.robot' on line 29: The '[Return]' setting is deprecated. Use the 'RETURN' statement instead.</msg>
<msg time="2025-03-20T23:28:52.045858" level="WARN">Error in file 'C:\Users\skill\OneDrive\Plocha\SCHOOL\MartinBobál_www-zsmalse-cz_08-05-24\Všechny .robot skripty\AP4TS_Projekt\ObjectRepository\Keywords.robot' on line 54: The '[Return]' setting is deprecated. Use the 'RETURN' statement instead.</msg>
<msg time="2025-03-20T23:29:58.798069" level="WARN">Error in file 'C:\Users\skill\OneDrive\Plocha\SCHOOL\MartinBobál_www-zsmalse-cz_08-05-24\Všechny .robot skripty\AP4TS_Projekt\ObjectRepository\Keywords.robot' on line 29: The '[Return]' setting is deprecated. Use the 'RETURN' statement instead.</msg>
<msg time="2025-03-20T23:29:58.799070" level="WARN">Error in file 'C:\Users\skill\OneDrive\Plocha\SCHOOL\MartinBobál_www-zsmalse-cz_08-05-24\Všechny .robot skripty\AP4TS_Projekt\ObjectRepository\Keywords.robot' on line 54: The '[Return]' setting is deprecated. Use the 'RETURN' statement instead.</msg>
</errors>
</robot>
